{"/home/travis/build/npmtest/node-npmtest-tar-fs/test.js":{"path":"/home/travis/build/npmtest/node-npmtest-tar-fs/test.js","s":{"1":2,"2":2,"3":2,"4":2,"5":2,"6":2,"7":2,"8":1,"9":2,"10":2,"11":1,"12":1,"13":1,"14":1,"15":2,"16":2,"17":2,"18":2,"19":1,"20":1,"21":2,"22":2,"23":2,"24":1,"25":1,"26":1,"27":1,"28":1,"29":1,"30":1,"31":1,"32":1,"33":1,"34":1,"35":1,"36":1,"37":1,"38":1,"39":2,"40":2,"41":1,"42":2,"43":2,"44":1,"45":2,"46":2,"47":1,"48":2,"49":2,"50":1,"51":1,"52":1,"53":1,"54":1},"b":{"1":[2,1,1,1],"2":[1,1,1,1],"3":[1,1],"4":[1,1],"5":[1,1],"6":[1,1],"7":[1,1],"8":[1,1],"9":[1,1],"10":[1,1,1],"11":[1,1],"12":[1,1],"13":[1,1],"14":[1,1],"15":[1,1],"16":[1,1],"17":[1,1]},"f":{"1":2,"2":2,"3":2,"4":2,"5":2,"6":1,"7":1,"8":1,"9":2,"10":2,"11":2,"12":2,"13":1},"fnMap":{"1":{"name":"(anonymous_1)","line":12,"loc":{"start":{"line":12,"column":1},"end":{"line":12,"column":13}}},"2":{"name":"(anonymous_2)","line":19,"loc":{"start":{"line":19,"column":5},"end":{"line":19,"column":17}}},"3":{"name":"(anonymous_3)","line":23,"loc":{"start":{"line":23,"column":24},"end":{"line":23,"column":36}}},"4":{"name":"(anonymous_4)","line":61,"loc":{"start":{"line":61,"column":5},"end":{"line":61,"column":17}}},"5":{"name":"(anonymous_5)","line":82,"loc":{"start":{"line":82,"column":5},"end":{"line":82,"column":17}}},"6":{"name":"(anonymous_6)","line":91,"loc":{"start":{"line":91,"column":77},"end":{"line":94,"column":10}}},"7":{"name":"(anonymous_7)","line":112,"loc":{"start":{"line":112,"column":83},"end":{"line":115,"column":10}},"skip":true},"8":{"name":"(anonymous_8)","line":123,"loc":{"start":{"line":123,"column":77},"end":{"line":126,"column":10}},"skip":true},"9":{"name":"(anonymous_9)","line":139,"loc":{"start":{"line":139,"column":12},"end":{"line":139,"column":40}},"skip":true},"10":{"name":"(anonymous_10)","line":147,"loc":{"start":{"line":147,"column":77},"end":{"line":150,"column":10}},"skip":true},"11":{"name":"(anonymous_11)","line":158,"loc":{"start":{"line":158,"column":83},"end":{"line":161,"column":10}},"skip":true},"12":{"name":"(anonymous_12)","line":169,"loc":{"start":{"line":169,"column":79},"end":{"line":172,"column":10}},"skip":true},"13":{"name":"(anonymous_13)","line":180,"loc":{"start":{"line":180,"column":75},"end":{"line":183,"column":10}},"skip":true}},"statementMap":{"1":{"start":{"line":12,"column":0},"end":{"line":195,"column":5}},"2":{"start":{"line":14,"column":4},"end":{"line":14,"column":14}},"3":{"start":{"line":19,"column":4},"end":{"line":56,"column":9}},"4":{"start":{"line":21,"column":8},"end":{"line":21,"column":19}},"5":{"start":{"line":23,"column":8},"end":{"line":35,"column":13}},"6":{"start":{"line":24,"column":12},"end":{"line":34,"column":13}},"7":{"start":{"line":25,"column":16},"end":{"line":28,"column":30}},"8":{"start":{"line":30,"column":16},"end":{"line":33,"column":27}},"9":{"start":{"line":37,"column":8},"end":{"line":39,"column":21}},"10":{"start":{"line":40,"column":8},"end":{"line":53,"column":9}},"11":{"start":{"line":43,"column":12},"end":{"line":46,"column":14}},"12":{"start":{"line":47,"column":12},"end":{"line":47,"column":18}},"13":{"start":{"line":50,"column":12},"end":{"line":51,"column":46}},"14":{"start":{"line":52,"column":12},"end":{"line":52,"column":18}},"15":{"start":{"line":55,"column":8},"end":{"line":55,"column":35}},"16":{"start":{"line":61,"column":4},"end":{"line":63,"column":9}},"17":{"start":{"line":62,"column":8},"end":{"line":62,"column":15}},"18":{"start":{"line":64,"column":4},"end":{"line":77,"column":5}},"19":{"start":{"line":70,"column":8},"end":{"line":70,"column":14}},"20":{"start":{"line":76,"column":8},"end":{"line":76,"column":14}},"21":{"start":{"line":82,"column":4},"end":{"line":84,"column":9}},"22":{"start":{"line":83,"column":8},"end":{"line":83,"column":15}},"23":{"start":{"line":85,"column":4},"end":{"line":194,"column":5}},"24":{"start":{"line":91,"column":8},"end":{"line":99,"column":10}},"25":{"start":{"line":98,"column":12},"end":{"line":98,"column":35}},"26":{"start":{"line":102,"column":8},"end":{"line":104,"column":63}},"27":{"start":{"line":105,"column":8},"end":{"line":105,"column":14}},"28":{"start":{"line":112,"column":8},"end":{"line":121,"column":10},"skip":true},"29":{"start":{"line":119,"column":12},"end":{"line":119,"column":55},"skip":true},"30":{"start":{"line":120,"column":12},"end":{"line":120,"column":48},"skip":true},"31":{"start":{"line":123,"column":8},"end":{"line":136,"column":10},"skip":true},"32":{"start":{"line":130,"column":12},"end":{"line":130,"column":76},"skip":true},"33":{"start":{"line":131,"column":12},"end":{"line":131,"column":73},"skip":true},"34":{"start":{"line":132,"column":12},"end":{"line":132,"column":74},"skip":true},"35":{"start":{"line":133,"column":12},"end":{"line":133,"column":79},"skip":true},"36":{"start":{"line":134,"column":12},"end":{"line":134,"column":25},"skip":true},"37":{"start":{"line":135,"column":12},"end":{"line":135,"column":45},"skip":true},"38":{"start":{"line":138,"column":8},"end":{"line":145,"column":14},"skip":true},"39":{"start":{"line":143,"column":16},"end":{"line":143,"column":29},"skip":true},"40":{"start":{"line":144,"column":16},"end":{"line":144,"column":55},"skip":true},"41":{"start":{"line":147,"column":8},"end":{"line":156,"column":10},"skip":true},"42":{"start":{"line":154,"column":12},"end":{"line":154,"column":25},"skip":true},"43":{"start":{"line":155,"column":12},"end":{"line":155,"column":45},"skip":true},"44":{"start":{"line":158,"column":8},"end":{"line":167,"column":10},"skip":true},"45":{"start":{"line":165,"column":12},"end":{"line":165,"column":25},"skip":true},"46":{"start":{"line":166,"column":12},"end":{"line":166,"column":48},"skip":true},"47":{"start":{"line":169,"column":8},"end":{"line":178,"column":10},"skip":true},"48":{"start":{"line":176,"column":12},"end":{"line":176,"column":25},"skip":true},"49":{"start":{"line":177,"column":12},"end":{"line":177,"column":46},"skip":true},"50":{"start":{"line":180,"column":8},"end":{"line":189,"column":10},"skip":true},"51":{"start":{"line":187,"column":12},"end":{"line":187,"column":94},"skip":true},"52":{"start":{"line":188,"column":12},"end":{"line":188,"column":48},"skip":true},"53":{"start":{"line":192,"column":8},"end":{"line":192,"column":35},"skip":true},"54":{"start":{"line":193,"column":8},"end":{"line":193,"column":14},"skip":true}},"branchMap":{"1":{"line":25,"type":"binary-expr","locations":[{"start":{"line":25,"column":23},"end":{"line":25,"column":62}},{"start":{"line":26,"column":20},"end":{"line":26,"column":70}},{"start":{"line":27,"column":20},"end":{"line":27,"column":71}},{"start":{"line":28,"column":20},"end":{"line":28,"column":29}}]},"2":{"line":30,"type":"binary-expr","locations":[{"start":{"line":30,"column":23},"end":{"line":30,"column":37}},{"start":{"line":31,"column":20},"end":{"line":31,"column":61}},{"start":{"line":32,"column":20},"end":{"line":32,"column":70}},{"start":{"line":33,"column":20},"end":{"line":33,"column":26}}]},"3":{"line":37,"type":"cond-expr","locations":[{"start":{"line":38,"column":14},"end":{"line":38,"column":20}},{"start":{"line":39,"column":14},"end":{"line":39,"column":20}}]},"4":{"line":40,"type":"switch","locations":[{"start":{"line":42,"column":8},"end":{"line":47,"column":18}},{"start":{"line":49,"column":8},"end":{"line":52,"column":18}}]},"5":{"line":44,"type":"binary-expr","locations":[{"start":{"line":44,"column":16},"end":{"line":44,"column":44}},{"start":{"line":44,"column":48},"end":{"line":44,"column":66}}]},"6":{"line":50,"type":"binary-expr","locations":[{"start":{"line":50,"column":21},"end":{"line":50,"column":49}},{"start":{"line":50,"column":53},"end":{"line":50,"column":72}}]},"7":{"line":64,"type":"switch","locations":[{"start":{"line":69,"column":4},"end":{"line":70,"column":14}},{"start":{"line":75,"column":4},"end":{"line":76,"column":14}}]},"8":{"line":85,"type":"switch","locations":[{"start":{"line":90,"column":4},"end":{"line":105,"column":14}},{"start":{"line":111,"column":4},"end":{"line":193,"column":14},"skip":true}]},"9":{"line":91,"type":"binary-expr","locations":[{"start":{"line":91,"column":42},"end":{"line":91,"column":73}},{"start":{"line":91,"column":77},"end":{"line":99,"column":9}}]},"10":{"line":102,"type":"binary-expr","locations":[{"start":{"line":102,"column":18},"end":{"line":102,"column":32}},{"start":{"line":103,"column":12},"end":{"line":103,"column":53}},{"start":{"line":104,"column":12},"end":{"line":104,"column":61}}]},"11":{"line":112,"type":"binary-expr","locations":[{"start":{"line":112,"column":45},"end":{"line":112,"column":79},"skip":true},{"start":{"line":112,"column":83},"end":{"line":121,"column":9},"skip":true}]},"12":{"line":123,"type":"binary-expr","locations":[{"start":{"line":123,"column":42},"end":{"line":123,"column":73},"skip":true},{"start":{"line":123,"column":77},"end":{"line":136,"column":9},"skip":true}]},"13":{"line":138,"type":"binary-expr","locations":[{"start":{"line":138,"column":48},"end":{"line":138,"column":85},"skip":true},{"start":{"line":139,"column":12},"end":{"line":145,"column":13},"skip":true}]},"14":{"line":147,"type":"binary-expr","locations":[{"start":{"line":147,"column":42},"end":{"line":147,"column":73},"skip":true},{"start":{"line":147,"column":77},"end":{"line":156,"column":9},"skip":true}]},"15":{"line":158,"type":"binary-expr","locations":[{"start":{"line":158,"column":45},"end":{"line":158,"column":79},"skip":true},{"start":{"line":158,"column":83},"end":{"line":167,"column":9},"skip":true}]},"16":{"line":169,"type":"binary-expr","locations":[{"start":{"line":169,"column":43},"end":{"line":169,"column":75},"skip":true},{"start":{"line":169,"column":79},"end":{"line":178,"column":9},"skip":true}]},"17":{"line":180,"type":"binary-expr","locations":[{"start":{"line":180,"column":41},"end":{"line":180,"column":71},"skip":true},{"start":{"line":180,"column":75},"end":{"line":189,"column":9},"skip":true}]}},"code":["/* istanbul instrument in package npmtest_tar_fs */","/*jslint","    bitwise: true,","    browser: true,","    maxerr: 8,","    maxlen: 96,","    node: true,","    nomen: true,","    regexp: true,","    stupid: true","*/","(function () {","    'use strict';","    var local;","","","","    // run shared js-env code - pre-init","    (function () {","        // init local","        local = {};","        // init modeJs","        local.modeJs = (function () {","            try {","                return typeof navigator.userAgent === 'string' &&","                    typeof document.querySelector('body') === 'object' &&","                    typeof XMLHttpRequest.prototype.open === 'function' &&","                    'browser';","            } catch (errorCaughtBrowser) {","                return module.exports &&","                    typeof process.versions.node === 'string' &&","                    typeof require('http').createServer === 'function' &&","                    'node';","            }","        }());","        // init global","        local.global = local.modeJs === 'browser'","            ? window","            : global;","        switch (local.modeJs) {","        // re-init local from window.local","        case 'browser':","            local = local.global.utility2.objectSetDefault(","                local.global.utility2_rollup || local.global.local,","                local.global.utility2","            );","            break;","        // re-init local from example.js","        case 'node':","            local = (local.global.utility2_rollup || require('utility2'))","                .requireExampleJsFromReadme();","            break;","        }","        // export local","        local.global.local = local;","    }());","","","","    // run shared js-env code - function","    (function () {","        return;","    }());","    switch (local.modeJs) {","","","","    // run browser js-env code - function","    case 'browser':","        break;","","","","    // run node js-env code - function","    case 'node':","        break;","    }","","","","    // run shared js-env code - post-init","    (function () {","        return;","    }());","    switch (local.modeJs) {","","","","    // run browser js-env code - post-init","    case 'browser':","        local.testCase_browser_nullCase = local.testCase_browser_nullCase || function (","            options,","            onError","        ) {","        /*","         * this function will test browsers's null-case handling-behavior-behavior","         */","            onError(null, options);","        };","","        // run tests","        local.nop(local.modeTest &&","            document.querySelector('#testRunButton1') &&","            document.querySelector('#testRunButton1').click());","        break;","","","","    // run node js-env code - post-init","    /* istanbul ignore next */","    case 'node':","        local.testCase_buildApidoc_default = local.testCase_buildApidoc_default || function (","            options,","            onError","        ) {","        /*","         * this function will test buildApidoc's default handling-behavior-behavior","         */","            options = { modulePathList: module.paths };","            local.buildApidoc(options, onError);","        };","","        local.testCase_buildApp_default = local.testCase_buildApp_default || function (","            options,","            onError","        ) {","        /*","         * this function will test buildApp's default handling-behavior-behavior","         */","            local.testCase_buildReadme_default(options, local.onErrorThrow);","            local.testCase_buildLib_default(options, local.onErrorThrow);","            local.testCase_buildTest_default(options, local.onErrorThrow);","            local.testCase_buildCustomOrg_default(options, local.onErrorThrow);","            options = [];","            local.buildApp(options, onError);","        };","","        local.testCase_buildCustomOrg_default = local.testCase_buildCustomOrg_default ||","            function (options, onError) {","            /*","             * this function will test buildCustomOrg's default handling-behavior","             */","                options = {};","                local.buildCustomOrg(options, onError);","            };","","        local.testCase_buildLib_default = local.testCase_buildLib_default || function (","            options,","            onError","        ) {","        /*","         * this function will test buildLib's default handling-behavior","         */","            options = {};","            local.buildLib(options, onError);","        };","","        local.testCase_buildReadme_default = local.testCase_buildReadme_default || function (","            options,","            onError","        ) {","        /*","         * this function will test buildReadme's default handling-behavior-behavior","         */","            options = {};","            local.buildReadme(options, onError);","        };","","        local.testCase_buildTest_default = local.testCase_buildTest_default || function (","            options,","            onError","        ) {","        /*","         * this function will test buildTest's default handling-behavior","         */","            options = {};","            local.buildTest(options, onError);","        };","","        local.testCase_webpage_default = local.testCase_webpage_default || function (","            options,","            onError","        ) {","        /*","         * this function will test webpage's default handling-behavior","         */","            options = { modeCoverageMerge: true, url: local.serverLocalHost + '?modeTest=1' };","            local.browserTest(options, onError);","        };","","        // run test-server","        local.testRunServer(local);","        break;","    }","}());",""],"l":{"12":2,"14":2,"19":2,"21":2,"23":2,"24":2,"25":2,"30":1,"37":2,"40":2,"43":1,"47":1,"50":1,"52":1,"55":2,"61":2,"62":2,"64":2,"70":1,"76":1,"82":2,"83":2,"85":2,"91":1,"98":1,"102":1,"105":1,"112":1,"119":1,"120":1,"123":1,"130":1,"131":1,"132":1,"133":1,"134":1,"135":1,"138":1,"143":2,"144":2,"147":1,"154":2,"155":2,"158":1,"165":2,"166":2,"169":1,"176":2,"177":2,"180":1,"187":1,"188":1,"192":1,"193":1}},"/home/travis/build/npmtest/node-npmtest-tar-fs/lib.npmtest_tar_fs.js":{"path":"/home/travis/build/npmtest/node-npmtest-tar-fs/lib.npmtest_tar_fs.js","s":{"1":2,"2":2,"3":2,"4":2,"5":2,"6":2,"7":2,"8":1,"9":2,"10":2,"11":2,"12":2,"13":1,"14":1,"15":1,"16":1},"b":{"1":[2,1,1,1],"2":[1,1,1,1],"3":[1,1],"4":[2,2],"5":[1,1]},"f":{"1":2,"2":2,"3":2},"fnMap":{"1":{"name":"(anonymous_1)","line":12,"loc":{"start":{"line":12,"column":1},"end":{"line":12,"column":13}}},"2":{"name":"(anonymous_2)","line":19,"loc":{"start":{"line":19,"column":5},"end":{"line":19,"column":17}}},"3":{"name":"(anonymous_3)","line":23,"loc":{"start":{"line":23,"column":24},"end":{"line":23,"column":36}}}},"statementMap":{"1":{"start":{"line":12,"column":0},"end":{"line":53,"column":5}},"2":{"start":{"line":14,"column":4},"end":{"line":14,"column":14}},"3":{"start":{"line":19,"column":4},"end":{"line":52,"column":9}},"4":{"start":{"line":21,"column":8},"end":{"line":21,"column":19}},"5":{"start":{"line":23,"column":8},"end":{"line":35,"column":13}},"6":{"start":{"line":24,"column":12},"end":{"line":34,"column":13}},"7":{"start":{"line":25,"column":16},"end":{"line":28,"column":30}},"8":{"start":{"line":30,"column":16},"end":{"line":33,"column":27}},"9":{"start":{"line":37,"column":8},"end":{"line":39,"column":21}},"10":{"start":{"line":41,"column":8},"end":{"line":41,"column":54}},"11":{"start":{"line":43,"column":8},"end":{"line":43,"column":51}},"12":{"start":{"line":45,"column":8},"end":{"line":51,"column":9}},"13":{"start":{"line":46,"column":12},"end":{"line":46,"column":57}},"14":{"start":{"line":48,"column":12},"end":{"line":48,"column":35}},"15":{"start":{"line":49,"column":12},"end":{"line":49,"column":49}},"16":{"start":{"line":50,"column":12},"end":{"line":50,"column":43}}},"branchMap":{"1":{"line":25,"type":"binary-expr","locations":[{"start":{"line":25,"column":23},"end":{"line":25,"column":62}},{"start":{"line":26,"column":20},"end":{"line":26,"column":70}},{"start":{"line":27,"column":20},"end":{"line":27,"column":71}},{"start":{"line":28,"column":20},"end":{"line":28,"column":29}}]},"2":{"line":30,"type":"binary-expr","locations":[{"start":{"line":30,"column":23},"end":{"line":30,"column":37}},{"start":{"line":31,"column":20},"end":{"line":31,"column":61}},{"start":{"line":32,"column":20},"end":{"line":32,"column":70}},{"start":{"line":33,"column":20},"end":{"line":33,"column":26}}]},"3":{"line":37,"type":"cond-expr","locations":[{"start":{"line":38,"column":14},"end":{"line":38,"column":20}},{"start":{"line":39,"column":14},"end":{"line":39,"column":20}}]},"4":{"line":41,"type":"binary-expr","locations":[{"start":{"line":41,"column":16},"end":{"line":41,"column":44}},{"start":{"line":41,"column":48},"end":{"line":41,"column":53}}]},"5":{"line":45,"type":"if","locations":[{"start":{"line":45,"column":8},"end":{"line":45,"column":8}},{"start":{"line":45,"column":8},"end":{"line":45,"column":8}}]}},"code":["/* istanbul instrument in package npmtest_tar_fs */","/*jslint","    bitwise: true,","    browser: true,","    maxerr: 8,","    maxlen: 96,","    node: true,","    nomen: true,","    regexp: true,","    stupid: true","*/","(function () {","    'use strict';","    var local;","","","","    // run shared js-env code - pre-init","    (function () {","        // init local","        local = {};","        // init modeJs","        local.modeJs = (function () {","            try {","                return typeof navigator.userAgent === 'string' &&","                    typeof document.querySelector('body') === 'object' &&","                    typeof XMLHttpRequest.prototype.open === 'function' &&","                    'browser';","            } catch (errorCaughtBrowser) {","                return module.exports &&","                    typeof process.versions.node === 'string' &&","                    typeof require('http').createServer === 'function' &&","                    'node';","            }","        }());","        // init global","        local.global = local.modeJs === 'browser'","            ? window","            : global;","        // init utility2_rollup","        local = local.global.utility2_rollup || local;","        // init lib","        local.local = local.npmtest_tar_fs = local;","        // init exports","        if (local.modeJs === 'browser') {","            local.global.utility2_npmtest_tar_fs = local;","        } else {","            module.exports = local;","            module.exports.__dirname = __dirname;","            module.exports.module = module;","        }","    }());","}());",""],"l":{"12":2,"14":2,"19":2,"21":2,"23":2,"24":2,"25":2,"30":1,"37":2,"41":2,"43":2,"45":2,"46":1,"48":1,"49":1,"50":1}},"/home/travis/build/npmtest/node-npmtest-tar-fs/example.js":{"path":"/home/travis/build/npmtest/node-npmtest-tar-fs/example.js","s":{"1":2,"2":2,"3":2,"4":2,"5":2,"6":2,"7":2,"8":1,"9":2,"10":2,"11":2,"12":2,"13":1,"14":2,"15":2,"16":2,"17":2,"18":2,"19":0,"20":2,"21":1,"22":1,"23":1,"24":1,"25":1,"26":0,"27":0,"28":1,"29":1,"30":2,"31":0,"32":0,"33":0,"34":1,"35":2,"36":2,"37":3,"38":3,"39":3,"40":3,"41":0,"42":3,"43":3,"44":3,"45":1,"46":3,"47":1,"48":1,"49":1,"50":1,"51":1,"52":1,"53":1,"54":1,"55":1,"56":1,"57":0,"58":1,"59":6,"60":6,"61":1,"62":2,"63":0,"64":2,"65":1,"66":1,"67":0,"68":0,"69":0,"70":0,"71":0,"72":0,"73":0,"74":0,"75":0,"76":0,"77":0,"78":0,"79":0,"80":0,"81":0,"82":0,"83":0},"b":{"1":[2,1,1,1],"2":[1,1,1,1],"3":[1,1],"4":[2,2],"5":[1,1],"6":[1,1],"7":[2,0],"8":[2,1,1,1,1,1],"9":[0,2,0],"10":[1,1],"11":[2,1,1],"12":[1,0],"13":[0,2],"14":[2,0,0,0,0,0,0],"15":[0,3],"16":[3,0],"17":[1,1],"18":[0,1],"19":[1,2,0,2],"20":[1,0],"21":[1,1],"22":[0,0],"23":[0,0],"24":[0,0],"25":[0,0],"26":[0,0],"27":[0,0],"28":[0,0]},"f":{"1":2,"2":2,"3":2,"4":2,"5":2,"6":2,"7":3,"8":3,"9":3,"10":1,"11":6,"12":0},"fnMap":{"1":{"name":"(anonymous_1)","line":26,"loc":{"start":{"line":26,"column":1},"end":{"line":26,"column":13}}},"2":{"name":"(anonymous_2)","line":33,"loc":{"start":{"line":33,"column":5},"end":{"line":33,"column":17}}},"3":{"name":"(anonymous_3)","line":37,"loc":{"start":{"line":37,"column":24},"end":{"line":37,"column":36}}},"4":{"name":"(anonymous_4)","line":69,"loc":{"start":{"line":69,"column":31},"end":{"line":69,"column":48}},"skip":true},"5":{"name":"(anonymous_5)","line":78,"loc":{"start":{"line":78,"column":26},"end":{"line":78,"column":45}},"skip":true},"6":{"name":"(anonymous_6)","line":123,"loc":{"start":{"line":123,"column":33},"end":{"line":123,"column":48}},"skip":true},"7":{"name":"(anonymous_7)","line":125,"loc":{"start":{"line":125,"column":27},"end":{"line":125,"column":39}},"skip":true},"8":{"name":"(anonymous_8)","line":133,"loc":{"start":{"line":133,"column":59},"end":{"line":133,"column":74}},"skip":true},"9":{"name":"(anonymous_9)","line":143,"loc":{"start":{"line":143,"column":45},"end":{"line":143,"column":62}},"skip":true},"10":{"name":"(anonymous_10)","line":144,"loc":{"start":{"line":144,"column":73},"end":{"line":144,"column":92}},"skip":true},"11":{"name":"(anonymous_11)","line":272,"loc":{"start":{"line":272,"column":51},"end":{"line":272,"column":77}},"skip":true},"12":{"name":"(anonymous_12)","line":315,"loc":{"start":{"line":315,"column":32},"end":{"line":315,"column":61}},"skip":true}},"statementMap":{"1":{"start":{"line":26,"column":0},"end":{"line":326,"column":5}},"2":{"start":{"line":28,"column":4},"end":{"line":28,"column":14}},"3":{"start":{"line":33,"column":4},"end":{"line":60,"column":9}},"4":{"start":{"line":35,"column":8},"end":{"line":35,"column":19}},"5":{"start":{"line":37,"column":8},"end":{"line":49,"column":13}},"6":{"start":{"line":38,"column":12},"end":{"line":48,"column":13}},"7":{"start":{"line":39,"column":16},"end":{"line":42,"column":30}},"8":{"start":{"line":44,"column":16},"end":{"line":47,"column":27}},"9":{"start":{"line":51,"column":8},"end":{"line":53,"column":21}},"10":{"start":{"line":55,"column":8},"end":{"line":57,"column":45}},"11":{"start":{"line":59,"column":8},"end":{"line":59,"column":35}},"12":{"start":{"line":61,"column":4},"end":{"line":325,"column":5}},"13":{"start":{"line":69,"column":8},"end":{"line":121,"column":10},"skip":true},"14":{"start":{"line":70,"column":12},"end":{"line":88,"column":13},"skip":true},"15":{"start":{"line":76,"column":16},"end":{"line":87,"column":19},"skip":true},"16":{"start":{"line":79,"column":20},"end":{"line":86,"column":21},"skip":true},"17":{"start":{"line":82,"column":24},"end":{"line":82,"column":43},"skip":true},"18":{"start":{"line":83,"column":24},"end":{"line":83,"column":30},"skip":true},"19":{"start":{"line":85,"column":24},"end":{"line":85,"column":49},"skip":true},"20":{"start":{"line":89,"column":12},"end":{"line":107,"column":13},"skip":true},"21":{"start":{"line":92,"column":16},"end":{"line":102,"column":17},"skip":true},"22":{"start":{"line":93,"column":20},"end":{"line":93,"column":86},"skip":true},"23":{"start":{"line":94,"column":20},"end":{"line":95,"column":45},"skip":true},"24":{"start":{"line":96,"column":20},"end":{"line":96,"column":42},"skip":true},"25":{"start":{"line":97,"column":20},"end":{"line":97,"column":48},"skip":true},"26":{"start":{"line":100,"column":20},"end":{"line":100,"column":85},"skip":true},"27":{"start":{"line":101,"column":20},"end":{"line":101,"column":96},"skip":true},"28":{"start":{"line":103,"column":16},"end":{"line":103,"column":22},"skip":true},"29":{"start":{"line":106,"column":16},"end":{"line":106,"column":22},"skip":true},"30":{"start":{"line":108,"column":12},"end":{"line":120,"column":13},"skip":true},"31":{"start":{"line":114,"column":16},"end":{"line":119,"column":17},"skip":true},"32":{"start":{"line":116,"column":20},"end":{"line":116,"column":78},"skip":true},"33":{"start":{"line":118,"column":20},"end":{"line":118,"column":47},"skip":true},"34":{"start":{"line":123,"column":8},"end":{"line":141,"column":11},"skip":true},"35":{"start":{"line":124,"column":12},"end":{"line":124,"column":54},"skip":true},"36":{"start":{"line":125,"column":12},"end":{"line":140,"column":14},"skip":true},"37":{"start":{"line":126,"column":16},"end":{"line":126,"column":28},"skip":true},"38":{"start":{"line":127,"column":16},"end":{"line":127,"column":69},"skip":true},"39":{"start":{"line":128,"column":16},"end":{"line":128,"column":75},"skip":true},"40":{"start":{"line":129,"column":16},"end":{"line":131,"column":17},"skip":true},"41":{"start":{"line":130,"column":20},"end":{"line":130,"column":27},"skip":true},"42":{"start":{"line":133,"column":16},"end":{"line":137,"column":36},"skip":true},"43":{"start":{"line":134,"column":20},"end":{"line":136,"column":55},"skip":true},"44":{"start":{"line":139,"column":16},"end":{"line":139,"column":57},"skip":true},"45":{"start":{"line":143,"column":8},"end":{"line":147,"column":11},"skip":true},"46":{"start":{"line":144,"column":12},"end":{"line":146,"column":15},"skip":true},"47":{"start":{"line":145,"column":16},"end":{"line":145,"column":70},"skip":true},"48":{"start":{"line":149,"column":8},"end":{"line":149,"column":31},"skip":true},"49":{"start":{"line":150,"column":8},"end":{"line":150,"column":14},"skip":true},"50":{"start":{"line":158,"column":8},"end":{"line":158,"column":31},"skip":true},"51":{"start":{"line":160,"column":8},"end":{"line":160,"column":33},"skip":true},"52":{"start":{"line":161,"column":8},"end":{"line":161,"column":37},"skip":true},"53":{"start":{"line":162,"column":8},"end":{"line":162,"column":35},"skip":true},"54":{"start":{"line":164,"column":8},"end":{"line":164,"column":50},"skip":true},"55":{"start":{"line":166,"column":8},"end":{"line":256,"column":2},"skip":true},"56":{"start":{"line":258,"column":8},"end":{"line":286,"column":9},"skip":true},"57":{"start":{"line":259,"column":12},"end":{"line":269,"column":14},"skip":true},"58":{"start":{"line":271,"column":12},"end":{"line":285,"column":19},"skip":true},"59":{"start":{"line":274,"column":20},"end":{"line":274,"column":35},"skip":true},"60":{"start":{"line":275,"column":20},"end":{"line":284,"column":21},"skip":true},"61":{"start":{"line":277,"column":24},"end":{"line":277,"column":64},"skip":true},"62":{"start":{"line":279,"column":24},"end":{"line":279,"column":40},"skip":true},"63":{"start":{"line":281,"column":24},"end":{"line":281,"column":40},"skip":true},"64":{"start":{"line":283,"column":24},"end":{"line":283,"column":39},"skip":true},"65":{"start":{"line":288,"column":8},"end":{"line":290,"column":9},"skip":true},"66":{"start":{"line":289,"column":12},"end":{"line":289,"column":18},"skip":true},"67":{"start":{"line":291,"column":8},"end":{"line":293,"column":54},"skip":true},"68":{"start":{"line":296,"column":8},"end":{"line":301,"column":37},"skip":true},"69":{"start":{"line":303,"column":8},"end":{"line":303,"column":82},"skip":true},"70":{"start":{"line":306,"column":8},"end":{"line":308,"column":9},"skip":true},"71":{"start":{"line":307,"column":12},"end":{"line":307,"column":82},"skip":true},"72":{"start":{"line":310,"column":8},"end":{"line":312,"column":9},"skip":true},"73":{"start":{"line":311,"column":12},"end":{"line":311,"column":18},"skip":true},"74":{"start":{"line":313,"column":8},"end":{"line":313,"column":54},"skip":true},"75":{"start":{"line":314,"column":8},"end":{"line":314,"column":69},"skip":true},"76":{"start":{"line":315,"column":8},"end":{"line":323,"column":36},"skip":true},"77":{"start":{"line":316,"column":12},"end":{"line":316,"column":61},"skip":true},"78":{"start":{"line":317,"column":12},"end":{"line":320,"column":13},"skip":true},"79":{"start":{"line":318,"column":16},"end":{"line":318,"column":75},"skip":true},"80":{"start":{"line":319,"column":16},"end":{"line":319,"column":23},"skip":true},"81":{"start":{"line":321,"column":12},"end":{"line":321,"column":38},"skip":true},"82":{"start":{"line":322,"column":12},"end":{"line":322,"column":27},"skip":true},"83":{"start":{"line":324,"column":8},"end":{"line":324,"column":14},"skip":true}},"branchMap":{"1":{"line":39,"type":"binary-expr","locations":[{"start":{"line":39,"column":23},"end":{"line":39,"column":62}},{"start":{"line":40,"column":20},"end":{"line":40,"column":70}},{"start":{"line":41,"column":20},"end":{"line":41,"column":71}},{"start":{"line":42,"column":20},"end":{"line":42,"column":29}}]},"2":{"line":44,"type":"binary-expr","locations":[{"start":{"line":44,"column":23},"end":{"line":44,"column":37}},{"start":{"line":45,"column":20},"end":{"line":45,"column":61}},{"start":{"line":46,"column":20},"end":{"line":46,"column":70}},{"start":{"line":47,"column":20},"end":{"line":47,"column":26}}]},"3":{"line":51,"type":"cond-expr","locations":[{"start":{"line":52,"column":14},"end":{"line":52,"column":20}},{"start":{"line":53,"column":14},"end":{"line":53,"column":20}}]},"4":{"line":55,"type":"binary-expr","locations":[{"start":{"line":55,"column":16},"end":{"line":55,"column":44}},{"start":{"line":55,"column":49},"end":{"line":57,"column":43}}]},"5":{"line":55,"type":"cond-expr","locations":[{"start":{"line":56,"column":14},"end":{"line":56,"column":50}},{"start":{"line":57,"column":14},"end":{"line":57,"column":43}}]},"6":{"line":61,"type":"switch","locations":[{"start":{"line":68,"column":4},"end":{"line":150,"column":14},"skip":true},{"start":{"line":156,"column":4},"end":{"line":324,"column":14},"skip":true}]},"7":{"line":70,"type":"if","locations":[{"start":{"line":70,"column":12},"end":{"line":70,"column":12},"skip":true},{"start":{"line":70,"column":12},"end":{"line":70,"column":12},"skip":true}]},"8":{"line":70,"type":"binary-expr","locations":[{"start":{"line":70,"column":16},"end":{"line":70,"column":22},"skip":true},{"start":{"line":70,"column":27},"end":{"line":70,"column":32},"skip":true},{"start":{"line":71,"column":20},"end":{"line":71,"column":39},"skip":true},{"start":{"line":72,"column":20},"end":{"line":72,"column":49},"skip":true},{"start":{"line":73,"column":20},"end":{"line":73,"column":58},"skip":true},{"start":{"line":74,"column":20},"end":{"line":74,"column":69},"skip":true}]},"9":{"line":79,"type":"switch","locations":[{"start":{"line":80,"column":20},"end":{"line":80,"column":33},"skip":true},{"start":{"line":81,"column":20},"end":{"line":83,"column":30},"skip":true},{"start":{"line":84,"column":20},"end":{"line":85,"column":49},"skip":true}]},"10":{"line":89,"type":"switch","locations":[{"start":{"line":90,"column":12},"end":{"line":103,"column":22},"skip":true},{"start":{"line":105,"column":12},"end":{"line":106,"column":22},"skip":true}]},"11":{"line":89,"type":"binary-expr","locations":[{"start":{"line":89,"column":20},"end":{"line":89,"column":25},"skip":true},{"start":{"line":89,"column":29},"end":{"line":89,"column":48},"skip":true},{"start":{"line":89,"column":52},"end":{"line":89,"column":74},"skip":true}]},"12":{"line":92,"type":"if","locations":[{"start":{"line":92,"column":16},"end":{"line":92,"column":16},"skip":true},{"start":{"line":92,"column":16},"end":{"line":92,"column":16},"skip":true}]},"13":{"line":108,"type":"if","locations":[{"start":{"line":108,"column":12},"end":{"line":108,"column":12},"skip":true},{"start":{"line":108,"column":12},"end":{"line":108,"column":12},"skip":true}]},"14":{"line":108,"type":"binary-expr","locations":[{"start":{"line":108,"column":16},"end":{"line":108,"column":61},"skip":true},{"start":{"line":108,"column":66},"end":{"line":108,"column":72},"skip":true},{"start":{"line":108,"column":77},"end":{"line":108,"column":82},"skip":true},{"start":{"line":109,"column":20},"end":{"line":109,"column":39},"skip":true},{"start":{"line":110,"column":20},"end":{"line":110,"column":49},"skip":true},{"start":{"line":111,"column":20},"end":{"line":111,"column":58},"skip":true},{"start":{"line":112,"column":20},"end":{"line":112,"column":68},"skip":true}]},"15":{"line":129,"type":"if","locations":[{"start":{"line":129,"column":16},"end":{"line":129,"column":16},"skip":true},{"start":{"line":129,"column":16},"end":{"line":129,"column":16},"skip":true}]},"16":{"line":134,"type":"cond-expr","locations":[{"start":{"line":135,"column":26},"end":{"line":135,"column":29},"skip":true},{"start":{"line":136,"column":26},"end":{"line":136,"column":54},"skip":true}]},"17":{"line":164,"type":"binary-expr","locations":[{"start":{"line":164,"column":27},"end":{"line":164,"column":43},"skip":true},{"start":{"line":164,"column":47},"end":{"line":164,"column":49},"skip":true}]},"18":{"line":258,"type":"if","locations":[{"start":{"line":258,"column":8},"end":{"line":258,"column":8},"skip":true},{"start":{"line":258,"column":8},"end":{"line":258,"column":8},"skip":true}]},"19":{"line":275,"type":"switch","locations":[{"start":{"line":276,"column":20},"end":{"line":277,"column":64},"skip":true},{"start":{"line":278,"column":20},"end":{"line":279,"column":40},"skip":true},{"start":{"line":280,"column":20},"end":{"line":281,"column":40},"skip":true},{"start":{"line":282,"column":20},"end":{"line":283,"column":39},"skip":true}]},"20":{"line":288,"type":"if","locations":[{"start":{"line":288,"column":8},"end":{"line":288,"column":8},"skip":true},{"start":{"line":288,"column":8},"end":{"line":288,"column":8},"skip":true}]},"21":{"line":288,"type":"binary-expr","locations":[{"start":{"line":288,"column":12},"end":{"line":288,"column":40},"skip":true},{"start":{"line":288,"column":44},"end":{"line":288,"column":67},"skip":true}]},"22":{"line":292,"type":"binary-expr","locations":[{"start":{"line":292,"column":12},"end":{"line":292,"column":50},"skip":true},{"start":{"line":293,"column":12},"end":{"line":293,"column":53},"skip":true}]},"23":{"line":297,"type":"binary-expr","locations":[{"start":{"line":297,"column":12},"end":{"line":297,"column":64},"skip":true},{"start":{"line":298,"column":12},"end":{"line":301,"column":36},"skip":true}]},"24":{"line":303,"type":"binary-expr","locations":[{"start":{"line":303,"column":43},"end":{"line":303,"column":75},"skip":true},{"start":{"line":303,"column":79},"end":{"line":303,"column":81},"skip":true}]},"25":{"line":306,"type":"if","locations":[{"start":{"line":306,"column":8},"end":{"line":306,"column":8},"skip":true},{"start":{"line":306,"column":8},"end":{"line":306,"column":8},"skip":true}]},"26":{"line":310,"type":"if","locations":[{"start":{"line":310,"column":8},"end":{"line":310,"column":8},"skip":true},{"start":{"line":310,"column":8},"end":{"line":310,"column":8},"skip":true}]},"27":{"line":313,"type":"binary-expr","locations":[{"start":{"line":313,"column":27},"end":{"line":313,"column":43},"skip":true},{"start":{"line":313,"column":47},"end":{"line":313,"column":53},"skip":true}]},"28":{"line":317,"type":"if","locations":[{"start":{"line":317,"column":12},"end":{"line":317,"column":12},"skip":true},{"start":{"line":317,"column":12},"end":{"line":317,"column":12},"skip":true}]}},"code":["/*","example.js","","quickstart example","","instruction","    1. save this script as example.js","    2. run the shell command:","        $ npm install npmtest-tar-fs && PORT=8081 node example.js","    3. play with the browser-demo on http://127.0.0.1:8081","*/","","","","/* istanbul instrument in package npmtest_tar_fs */","/*jslint","    bitwise: true,","    browser: true,","    maxerr: 8,","    maxlen: 96,","    node: true,","    nomen: true,","    regexp: true,","    stupid: true","*/","(function () {","    'use strict';","    var local;","","","","    // run shared js-env code - pre-init","    (function () {","        // init local","        local = {};","        // init modeJs","        local.modeJs = (function () {","            try {","                return typeof navigator.userAgent === 'string' &&","                    typeof document.querySelector('body') === 'object' &&","                    typeof XMLHttpRequest.prototype.open === 'function' &&","                    'browser';","            } catch (errorCaughtBrowser) {","                return module.exports &&","                    typeof process.versions.node === 'string' &&","                    typeof require('http').createServer === 'function' &&","                    'node';","            }","        }());","        // init global","        local.global = local.modeJs === 'browser'","            ? window","            : global;","        // init utility2_rollup","        local = local.global.utility2_rollup || (local.modeJs === 'browser'","            ? local.global.utility2_npmtest_tar_fs","            : global.utility2_moduleExports);","        // export local","        local.global.local = local;","    }());","    switch (local.modeJs) {","","","","    // post-init","    // run browser js-env code - post-init","    /* istanbul ignore next */","    case 'browser':","        local.testRunBrowser = function (event) {","            if (!event || (event &&","                    event.currentTarget &&","                    event.currentTarget.className &&","                    event.currentTarget.className.includes &&","                    event.currentTarget.className.includes('onreset'))) {","                // reset output","                Array.from(","                    document.querySelectorAll('body > .resettable')","                ).forEach(function (element) {","                    switch (element.tagName) {","                    case 'INPUT':","                    case 'TEXTAREA':","                        element.value = '';","                        break;","                    default:","                        element.textContent = '';","                    }","                });","            }","            switch (event && event.currentTarget && event.currentTarget.id) {","            case 'testRunButton1':","                // show tests","                if (document.querySelector('#testReportDiv1').style.display === 'none') {","                    document.querySelector('#testReportDiv1').style.display = 'block';","                    document.querySelector('#testRunButton1').textContent =","                        'hide internal test';","                    local.modeTest = true;","                    local.testRunDefault(local);","                // hide tests","                } else {","                    document.querySelector('#testReportDiv1').style.display = 'none';","                    document.querySelector('#testRunButton1').textContent = 'run internal test';","                }","                break;","            // custom-case","            default:","                break;","            }","            if (document.querySelector('#inputTextareaEval1') && (!event || (event &&","                    event.currentTarget &&","                    event.currentTarget.className &&","                    event.currentTarget.className.includes &&","                    event.currentTarget.className.includes('oneval')))) {","                // try to eval input-code","                try {","                    /*jslint evil: true*/","                    eval(document.querySelector('#inputTextareaEval1').value);","                } catch (errorCaught) {","                    console.error(errorCaught);","                }","            }","        };","        // log stderr and stdout to #outputTextareaStdout1","        ['error', 'log'].forEach(function (key) {","            console[key + '_original'] = console[key];","            console[key] = function () {","                var element;","                console[key + '_original'].apply(console, arguments);","                element = document.querySelector('#outputTextareaStdout1');","                if (!element) {","                    return;","                }","                // append text to #outputTextareaStdout1","                element.value += Array.from(arguments).map(function (arg) {","                    return typeof arg === 'string'","                        ? arg","                        : JSON.stringify(arg, null, 4);","                }).join(' ') + '\\n';","                // scroll textarea to bottom","                element.scrollTop = element.scrollHeight;","            };","        });","        // init event-handling","        ['change', 'click', 'keyup'].forEach(function (event) {","            Array.from(document.querySelectorAll('.on' + event)).forEach(function (element) {","                element.addEventListener(event, local.testRunBrowser);","            });","        });","        // run tests","        local.testRunBrowser();","        break;","","","","    // run node js-env code - post-init","    /* istanbul ignore next */","    case 'node':","        // export local","        module.exports = local;","        // require modules","        local.fs = require('fs');","        local.http = require('http');","        local.url = require('url');","        // init assets","        local.assetsDict = local.assetsDict || {};","        /* jslint-ignore-begin */","        local.assetsDict['/assets.index.template.html'] = '\\","<!doctype html>\\n\\","<html lang=\"en\">\\n\\","<head>\\n\\","<meta charset=\"UTF-8\">\\n\\","<meta name=\"viewport\" content=\"width=device-width, initial-scale=1\">\\n\\","<title>{{env.npm_package_name}} (v{{env.npm_package_version}})</title>\\n\\","<style>\\n\\","/*csslint\\n\\","    box-sizing: false,\\n\\","    universal-selector: false\\n\\","*/\\n\\","* {\\n\\","    box-sizing: border-box;\\n\\","}\\n\\","body {\\n\\","    background: #dde;\\n\\","    font-family: Arial, Helvetica, sans-serif;\\n\\","    margin: 2rem;\\n\\","}\\n\\","body > * {\\n\\","    margin-bottom: 1rem;\\n\\","}\\n\\",".utility2FooterDiv {\\n\\","    margin-top: 20px;\\n\\","    text-align: center;\\n\\","}\\n\\","</style>\\n\\","<style>\\n\\","/*csslint\\n\\","*/\\n\\","textarea {\\n\\","    font-family: monospace;\\n\\","    height: 10rem;\\n\\","    width: 100%;\\n\\","}\\n\\","textarea[readonly] {\\n\\","    background: #ddd;\\n\\","}\\n\\","</style>\\n\\","</head>\\n\\","<body>\\n\\","<!-- utility2-comment\\n\\","<div id=\"ajaxProgressDiv1\" style=\"background: #d00; height: 2px; left: 0; margin: 0; padding: 0; position: fixed; top: 0; transition: background 0.5s, width 1.5s; width: 25%;\"></div>\\n\\","utility2-comment -->\\n\\","<h1>\\n\\","<!-- utility2-comment\\n\\","    <a\\n\\","        {{#if env.npm_package_homepage}}\\n\\","        href=\"{{env.npm_package_homepage}}\"\\n\\","        {{/if env.npm_package_homepage}}\\n\\","        target=\"_blank\"\\n\\","    >\\n\\","utility2-comment -->\\n\\","        {{env.npm_package_name}} (v{{env.npm_package_version}})\\n\\","<!-- utility2-comment\\n\\","    </a>\\n\\","utility2-comment -->\\n\\","</h1>\\n\\","<h3>{{env.npm_package_description}}</h3>\\n\\","<!-- utility2-comment\\n\\","<h4><a download href=\"assets.app.js\">download standalone app</a></h4>\\n\\","<button class=\"onclick onreset\" id=\"testRunButton1\">run internal test</button><br>\\n\\","<div id=\"testReportDiv1\" style=\"display: none;\"></div>\\n\\","utility2-comment -->\\n\\","\\n\\","\\n\\","\\n\\","<label>stderr and stdout</label>\\n\\","<textarea class=\"resettable\" id=\"outputTextareaStdout1\" readonly></textarea>\\n\\","<!-- utility2-comment\\n\\","{{#if isRollup}}\\n\\","<script src=\"assets.app.js\"></script>\\n\\","{{#unless isRollup}}\\n\\","utility2-comment -->\\n\\","<script src=\"assets.utility2.rollup.js\"></script>\\n\\","<script src=\"jsonp.utility2._stateInit?callback=window.utility2._stateInit\"></script>\\n\\","<script src=\"assets.npmtest_tar_fs.rollup.js\"></script>\\n\\","<script src=\"assets.example.js\"></script>\\n\\","<script src=\"assets.test.js\"></script>\\n\\","<!-- utility2-comment\\n\\","{{/if isRollup}}\\n\\","utility2-comment -->\\n\\","<div class=\"utility2FooterDiv\">\\n\\","    [ this app was created with\\n\\","    <a href=\"https://github.com/kaizhu256/node-utility2\" target=\"_blank\">utility2</a>\\n\\","    ]\\n\\","</div>\\n\\","</body>\\n\\","</html>\\n\\","';","        /* jslint-ignore-end */","        if (local.templateRender) {","            local.assetsDict['/'] = local.templateRender(","                local.assetsDict['/assets.index.template.html'],","                {","                    env: local.objectSetDefault(local.env, {","                        npm_package_description: 'the greatest app in the world!',","                        npm_package_name: 'my-app',","                        npm_package_nameAlias: 'my_app',","                        npm_package_version: '0.0.1'","                    })","                }","            );","        } else {","            local.assetsDict['/'] = local.assetsDict['/assets.index.template.html']","                .replace((/\\{\\{env\\.(\\w+?)\\}\\}/g), function (match0, match1) {","                    // jslint-hack","                    String(match0);","                    switch (match1) {","                    case 'npm_package_description':","                        return 'the greatest app in the world!';","                    case 'npm_package_name':","                        return 'my-app';","                    case 'npm_package_nameAlias':","                        return 'my_app';","                    case 'npm_package_version':","                        return '0.0.1';","                    }","                });","        }","        // run the cli","        if (local.global.utility2_rollup || module !== require.main) {","            break;","        }","        local.assetsDict['/assets.example.js'] =","            local.assetsDict['/assets.example.js'] ||","            local.fs.readFileSync(__filename, 'utf8');","        // bug-workaround - long $npm_package_buildCustomOrg","        /* jslint-ignore-begin */","        local.assetsDict['/assets.npmtest_tar_fs.rollup.js'] =","            local.assetsDict['/assets.npmtest_tar_fs.rollup.js'] ||","            local.fs.readFileSync(","                local.npmtest_tar_fs.__dirname + '/lib.npmtest_tar_fs.js',","                'utf8'","            ).replace((/^#!/), '//');","        /* jslint-ignore-end */","        local.assetsDict['/favicon.ico'] = local.assetsDict['/favicon.ico'] || '';","        // if $npm_config_timeout_exit exists,","        // then exit this process after $npm_config_timeout_exit ms","        if (Number(process.env.npm_config_timeout_exit)) {","            setTimeout(process.exit, Number(process.env.npm_config_timeout_exit));","        }","        // start server","        if (local.global.utility2_serverHttp1) {","            break;","        }","        process.env.PORT = process.env.PORT || '8081';","        console.error('server starting on port ' + process.env.PORT);","        local.http.createServer(function (request, response) {","            request.urlParsed = local.url.parse(request.url);","            if (local.assetsDict[request.urlParsed.pathname] !== undefined) {","                response.end(local.assetsDict[request.urlParsed.pathname]);","                return;","            }","            response.statusCode = 404;","            response.end();","        }).listen(process.env.PORT);","        break;","    }","}());",""],"l":{"26":2,"28":2,"33":2,"35":2,"37":2,"38":2,"39":2,"44":1,"51":2,"55":2,"59":2,"61":2,"69":1,"70":2,"76":2,"79":2,"82":2,"83":2,"85":1,"89":2,"92":1,"93":1,"94":1,"96":1,"97":1,"100":1,"101":1,"103":1,"106":1,"108":2,"114":1,"116":1,"118":1,"123":1,"124":2,"125":2,"126":3,"127":3,"128":3,"129":3,"130":1,"133":3,"134":3,"139":3,"143":1,"144":3,"145":1,"149":1,"150":1,"158":1,"160":1,"161":1,"162":1,"164":1,"166":1,"258":1,"259":1,"271":1,"274":6,"275":6,"277":1,"279":2,"281":1,"283":2,"288":1,"289":1,"291":1,"296":1,"303":1,"306":1,"307":1,"310":1,"311":1,"313":1,"314":1,"315":1,"316":1,"317":1,"318":1,"319":1,"321":1,"322":1,"324":1}},"/home/travis/build/npmtest/node-npmtest-tar-fs/node_modules/tar-fs/index.js":{"path":"/home/travis/build/npmtest/node-npmtest-tar-fs/node_modules/tar-fs/index.js","s":{"1":1,"2":1,"3":1,"4":1,"5":1,"6":1,"7":1,"8":1,"9":1,"10":1,"11":0,"12":1,"13":0,"14":1,"15":0,"16":0,"17":0,"18":0,"19":0,"20":0,"21":0,"22":0,"23":0,"24":0,"25":0,"26":0,"27":0,"28":0,"29":0,"30":0,"31":0,"32":0,"33":0,"34":0,"35":1,"36":0,"37":0,"38":0,"39":0,"40":0,"41":0,"42":1,"43":0,"44":0,"45":0,"46":0,"47":0,"48":0,"49":0,"50":0,"51":0,"52":0,"53":0,"54":0,"55":0,"56":0,"57":0,"58":0,"59":0,"60":0,"61":0,"62":0,"63":0,"64":0,"65":0,"66":0,"67":0,"68":0,"69":0,"70":0,"71":0,"72":0,"73":0,"74":0,"75":0,"76":0,"77":0,"78":0,"79":0,"80":0,"81":0,"82":0,"83":0,"84":0,"85":0,"86":0,"87":0,"88":0,"89":0,"90":0,"91":0,"92":0,"93":0,"94":0,"95":0,"96":0,"97":0,"98":0,"99":0,"100":0,"101":0,"102":0,"103":0,"104":0,"105":0,"106":0,"107":1,"108":0,"109":1,"110":0,"111":1,"112":0,"113":1,"114":0,"115":0,"116":0,"117":0,"118":0,"119":0,"120":0,"121":0,"122":0,"123":0,"124":0,"125":0,"126":0,"127":0,"128":0,"129":0,"130":0,"131":0,"132":0,"133":0,"134":0,"135":0,"136":0,"137":0,"138":0,"139":0,"140":0,"141":0,"142":0,"143":0,"144":0,"145":0,"146":0,"147":0,"148":0,"149":0,"150":0,"151":0,"152":0,"153":0,"154":0,"155":0,"156":0,"157":0,"158":0,"159":0,"160":0,"161":0,"162":0,"163":0,"164":0,"165":0,"166":0,"167":0,"168":0,"169":0,"170":0,"171":0,"172":0,"173":0,"174":0,"175":0,"176":0,"177":0,"178":0,"179":0,"180":0,"181":0,"182":0,"183":0,"184":0,"185":0,"186":0,"187":0,"188":0,"189":0,"190":0,"191":0,"192":0,"193":0,"194":0,"195":0,"196":0,"197":0,"198":0,"199":0,"200":0,"201":0,"202":0,"203":0,"204":0,"205":0,"206":0,"207":0,"208":0,"209":0,"210":0,"211":0,"212":0,"213":0,"214":0,"215":0,"216":0,"217":0,"218":0,"219":0,"220":0,"221":0,"222":0,"223":0,"224":0,"225":0,"226":1,"227":0,"228":0,"229":0,"230":0},"b":{"1":[1,0],"2":[0,0],"3":[0,0],"4":[0,0],"5":[0,0],"6":[0,0],"7":[0,0],"8":[0,0],"9":[0,0],"10":[0,0,0],"11":[0,0],"12":[0,0],"13":[0,0],"14":[0,0,0],"15":[0,0],"16":[0,0],"17":[0,0],"18":[0,0],"19":[0,0],"20":[0,0],"21":[0,0],"22":[0,0],"23":[0,0],"24":[0,0],"25":[0,0],"26":[0,0],"27":[0,0],"28":[0,0],"29":[0,0],"30":[0,0],"31":[0,0],"32":[0,0],"33":[0,0],"34":[0,0],"35":[0,0],"36":[0,0],"37":[0,0],"38":[0,0],"39":[0,0],"40":[0,0],"41":[0,0],"42":[0,0],"43":[0,0],"44":[0,0],"45":[0,0,0],"46":[0,0],"47":[0,0],"48":[0,0,0],"49":[0,0],"50":[0,0],"51":[0,0],"52":[0,0],"53":[0,0],"54":[0,0],"55":[0,0],"56":[0,0],"57":[0,0],"58":[0,0],"59":[0,0],"60":[0,0],"61":[0,0],"62":[0,0],"63":[0,0],"64":[0,0],"65":[0,0],"66":[0,0],"67":[0,0],"68":[0,0],"69":[0,0],"70":[0,0],"71":[0,0],"72":[0,0],"73":[0,0],"74":[0,0],"75":[0,0],"76":[0,0],"77":[0,0,0],"78":[0,0],"79":[0,0],"80":[0,0],"81":[0,0,0],"82":[0,0],"83":[0,0],"84":[0,0,0]},"f":{"1":0,"2":0,"3":0,"4":0,"5":0,"6":0,"7":0,"8":0,"9":0,"10":0,"11":0,"12":0,"13":0,"14":0,"15":0,"16":0,"17":0,"18":0,"19":0,"20":0,"21":0,"22":0,"23":0,"24":0,"25":0,"26":0,"27":0,"28":0,"29":0,"30":0,"31":0,"32":0,"33":0,"34":0,"35":0,"36":0,"37":0,"38":0},"fnMap":{"1":{"name":"(anonymous_1)","line":11,"loc":{"start":{"line":11,"column":11},"end":{"line":11,"column":23}}},"2":{"name":"(anonymous_2)","line":13,"loc":{"start":{"line":13,"column":11},"end":{"line":13,"column":27}}},"3":{"name":"(anonymous_3)","line":17,"loc":{"start":{"line":17,"column":32},"end":{"line":17,"column":48}}},"4":{"name":"(anonymous_4)","line":21,"loc":{"start":{"line":21,"column":14},"end":{"line":21,"column":62}}},"5":{"name":"loop","line":24,"loc":{"start":{"line":24,"column":9},"end":{"line":24,"column":34}}},"6":{"name":"(anonymous_6)","line":29,"loc":{"start":{"line":29,"column":18},"end":{"line":29,"column":39}}},"7":{"name":"(anonymous_7)","line":34,"loc":{"start":{"line":34,"column":26},"end":{"line":34,"column":48}}},"8":{"name":"(anonymous_8)","line":48,"loc":{"start":{"line":48,"column":12},"end":{"line":48,"column":34}}},"9":{"name":"(anonymous_9)","line":49,"loc":{"start":{"line":49,"column":9},"end":{"line":49,"column":27}}},"10":{"name":"(anonymous_10)","line":61,"loc":{"start":{"line":61,"column":15},"end":{"line":61,"column":36}}},"11":{"name":"(anonymous_11)","line":87,"loc":{"start":{"line":87,"column":18},"end":{"line":87,"column":46}}},"12":{"name":"(anonymous_12)","line":88,"loc":{"start":{"line":88,"column":43},"end":{"line":88,"column":68}}},"13":{"name":"(anonymous_13)","line":95,"loc":{"start":{"line":95,"column":15},"end":{"line":95,"column":46}}},"14":{"name":"(anonymous_14)","line":139,"loc":{"start":{"line":139,"column":19},"end":{"line":139,"column":34}}},"15":{"name":"(anonymous_15)","line":146,"loc":{"start":{"line":146,"column":20},"end":{"line":146,"column":35}}},"16":{"name":"(anonymous_16)","line":156,"loc":{"start":{"line":156,"column":11},"end":{"line":156,"column":27}}},"17":{"name":"(anonymous_17)","line":160,"loc":{"start":{"line":160,"column":20},"end":{"line":160,"column":32}}},"18":{"name":"(anonymous_18)","line":164,"loc":{"start":{"line":164,"column":19},"end":{"line":164,"column":31}}},"19":{"name":"(anonymous_19)","line":168,"loc":{"start":{"line":168,"column":18},"end":{"line":168,"column":39}}},"20":{"name":"(anonymous_20)","line":196,"loc":{"start":{"line":196,"column":21},"end":{"line":196,"column":41}}},"21":{"name":"(anonymous_21)","line":203,"loc":{"start":{"line":203,"column":15},"end":{"line":203,"column":43}}},"22":{"name":"(anonymous_22)","line":209,"loc":{"start":{"line":209,"column":40},"end":{"line":209,"column":55}}},"23":{"name":"(anonymous_23)","line":215,"loc":{"start":{"line":215,"column":15},"end":{"line":215,"column":43}}},"24":{"name":"(anonymous_24)","line":223,"loc":{"start":{"line":223,"column":22},"end":{"line":223,"column":37}}},"25":{"name":"(anonymous_25)","line":231,"loc":{"start":{"line":231,"column":22},"end":{"line":231,"column":54}}},"26":{"name":"(anonymous_26)","line":241,"loc":{"start":{"line":241,"column":15},"end":{"line":241,"column":30}}},"27":{"name":"(anonymous_27)","line":243,"loc":{"start":{"line":243,"column":27},"end":{"line":243,"column":42}}},"28":{"name":"(anonymous_28)","line":250,"loc":{"start":{"line":250,"column":20},"end":{"line":250,"column":32}}},"29":{"name":"(anonymous_29)","line":252,"loc":{"start":{"line":252,"column":23},"end":{"line":252,"column":35}}},"30":{"name":"(anonymous_30)","line":257,"loc":{"start":{"line":257,"column":17},"end":{"line":257,"column":29}}},"31":{"name":"(anonymous_31)","line":259,"loc":{"start":{"line":259,"column":23},"end":{"line":259,"column":35}}},"32":{"name":"(anonymous_32)","line":262,"loc":{"start":{"line":262,"column":32},"end":{"line":262,"column":47}}},"33":{"name":"(anonymous_33)","line":273,"loc":{"start":{"line":273,"column":17},"end":{"line":273,"column":29}}},"34":{"name":"(anonymous_34)","line":277,"loc":{"start":{"line":277,"column":21},"end":{"line":277,"column":36}}},"35":{"name":"(anonymous_35)","line":281,"loc":{"start":{"line":281,"column":19},"end":{"line":281,"column":34}}},"36":{"name":"(anonymous_36)","line":296,"loc":{"start":{"line":296,"column":7},"end":{"line":296,"column":22}}},"37":{"name":"mkdirfix","line":315,"loc":{"start":{"line":315,"column":0},"end":{"line":315,"column":35}}},"38":{"name":"(anonymous_38)","line":316,"loc":{"start":{"line":316,"column":31},"end":{"line":316,"column":52}}}},"statementMap":{"1":{"start":{"line":1,"column":0},"end":{"line":1,"column":30}},"2":{"start":{"line":2,"column":0},"end":{"line":2,"column":31}},"3":{"start":{"line":3,"column":0},"end":{"line":3,"column":26}},"4":{"start":{"line":4,"column":0},"end":{"line":4,"column":30}},"5":{"start":{"line":5,"column":0},"end":{"line":5,"column":22}},"6":{"start":{"line":6,"column":0},"end":{"line":6,"column":26}},"7":{"start":{"line":7,"column":0},"end":{"line":7,"column":22}},"8":{"start":{"line":9,"column":0},"end":{"line":9,"column":37}},"9":{"start":{"line":11,"column":0},"end":{"line":11,"column":25}},"10":{"start":{"line":13,"column":0},"end":{"line":15,"column":1}},"11":{"start":{"line":14,"column":2},"end":{"line":14,"column":13}},"12":{"start":{"line":17,"column":0},"end":{"line":19,"column":1}},"13":{"start":{"line":18,"column":2},"end":{"line":18,"column":52}},"14":{"start":{"line":21,"column":0},"end":{"line":46,"column":1}},"15":{"start":{"line":22,"column":2},"end":{"line":22,"column":30}},"16":{"start":{"line":24,"column":2},"end":{"line":45,"column":3}},"17":{"start":{"line":25,"column":4},"end":{"line":25,"column":40}},"18":{"start":{"line":25,"column":23},"end":{"line":25,"column":40}},"19":{"start":{"line":26,"column":4},"end":{"line":26,"column":28}},"20":{"start":{"line":27,"column":4},"end":{"line":27,"column":38}},"21":{"start":{"line":29,"column":4},"end":{"line":44,"column":6}},"22":{"start":{"line":30,"column":6},"end":{"line":30,"column":35}},"23":{"start":{"line":30,"column":15},"end":{"line":30,"column":35}},"24":{"start":{"line":32,"column":6},"end":{"line":32,"column":64}},"25":{"start":{"line":32,"column":31},"end":{"line":32,"column":64}},"26":{"start":{"line":34,"column":6},"end":{"line":43,"column":8}},"27":{"start":{"line":35,"column":8},"end":{"line":35,"column":37}},"28":{"start":{"line":35,"column":17},"end":{"line":35,"column":37}},"29":{"start":{"line":37,"column":8},"end":{"line":37,"column":30}},"30":{"start":{"line":37,"column":18},"end":{"line":37,"column":30}},"31":{"start":{"line":38,"column":8},"end":{"line":40,"column":9}},"32":{"start":{"line":39,"column":10},"end":{"line":39,"column":92}},"33":{"start":{"line":39,"column":55},"end":{"line":39,"column":92}},"34":{"start":{"line":42,"column":8},"end":{"line":42,"column":34}},"35":{"start":{"line":48,"column":0},"end":{"line":59,"column":1}},"36":{"start":{"line":49,"column":2},"end":{"line":58,"column":3}},"37":{"start":{"line":50,"column":4},"end":{"line":50,"column":63}},"38":{"start":{"line":52,"column":4},"end":{"line":52,"column":34}},"39":{"start":{"line":53,"column":4},"end":{"line":55,"column":5}},"40":{"start":{"line":54,"column":6},"end":{"line":54,"column":66}},"41":{"start":{"line":57,"column":4},"end":{"line":57,"column":22}},"42":{"start":{"line":61,"column":0},"end":{"line":154,"column":1}},"43":{"start":{"line":62,"column":2},"end":{"line":62,"column":21}},"44":{"start":{"line":62,"column":12},"end":{"line":62,"column":21}},"45":{"start":{"line":63,"column":2},"end":{"line":63,"column":22}},"46":{"start":{"line":63,"column":13},"end":{"line":63,"column":22}},"47":{"start":{"line":65,"column":2},"end":{"line":65,"column":25}},"48":{"start":{"line":66,"column":2},"end":{"line":66,"column":49}},"49":{"start":{"line":67,"column":2},"end":{"line":67,"column":28}},"50":{"start":{"line":68,"column":2},"end":{"line":68,"column":40}},"51":{"start":{"line":69,"column":2},"end":{"line":69,"column":108}},"52":{"start":{"line":70,"column":2},"end":{"line":70,"column":36}},"53":{"start":{"line":71,"column":2},"end":{"line":71,"column":76}},"54":{"start":{"line":72,"column":2},"end":{"line":72,"column":61}},"55":{"start":{"line":73,"column":2},"end":{"line":73,"column":61}},"56":{"start":{"line":74,"column":2},"end":{"line":74,"column":36}},"57":{"start":{"line":76,"column":2},"end":{"line":76,"column":46}},"58":{"start":{"line":76,"column":18},"end":{"line":76,"column":46}},"59":{"start":{"line":78,"column":2},"end":{"line":81,"column":3}},"60":{"start":{"line":79,"column":4},"end":{"line":79,"column":29}},"61":{"start":{"line":80,"column":4},"end":{"line":80,"column":29}},"62":{"start":{"line":82,"column":2},"end":{"line":85,"column":3}},"63":{"start":{"line":83,"column":4},"end":{"line":83,"column":29}},"64":{"start":{"line":84,"column":4},"end":{"line":84,"column":29}},"65":{"start":{"line":87,"column":2},"end":{"line":93,"column":3}},"66":{"start":{"line":88,"column":4},"end":{"line":92,"column":6}},"67":{"start":{"line":89,"column":6},"end":{"line":89,"column":39}},"68":{"start":{"line":89,"column":15},"end":{"line":89,"column":39}},"69":{"start":{"line":90,"column":6},"end":{"line":90,"column":43}},"70":{"start":{"line":91,"column":6},"end":{"line":91,"column":37}},"71":{"start":{"line":95,"column":2},"end":{"line":144,"column":3}},"72":{"start":{"line":96,"column":4},"end":{"line":96,"column":37}},"73":{"start":{"line":96,"column":13},"end":{"line":96,"column":37}},"74":{"start":{"line":97,"column":4},"end":{"line":97,"column":41}},"75":{"start":{"line":97,"column":19},"end":{"line":97,"column":41}},"76":{"start":{"line":99,"column":4},"end":{"line":99,"column":45}},"77":{"start":{"line":99,"column":25},"end":{"line":99,"column":45}},"78":{"start":{"line":101,"column":4},"end":{"line":109,"column":5}},"79":{"start":{"line":111,"column":4},"end":{"line":116,"column":5}},"80":{"start":{"line":112,"column":6},"end":{"line":112,"column":21}},"81":{"start":{"line":113,"column":6},"end":{"line":113,"column":31}},"82":{"start":{"line":114,"column":6},"end":{"line":114,"column":36}},"83":{"start":{"line":115,"column":6},"end":{"line":115,"column":44}},"84":{"start":{"line":118,"column":4},"end":{"line":123,"column":5}},"85":{"start":{"line":119,"column":6},"end":{"line":119,"column":21}},"86":{"start":{"line":120,"column":6},"end":{"line":120,"column":29}},"87":{"start":{"line":121,"column":6},"end":{"line":121,"column":36}},"88":{"start":{"line":122,"column":6},"end":{"line":122,"column":40}},"89":{"start":{"line":127,"column":4},"end":{"line":127,"column":34}},"90":{"start":{"line":129,"column":4},"end":{"line":132,"column":5}},"91":{"start":{"line":130,"column":6},"end":{"line":130,"column":84}},"92":{"start":{"line":130,"column":18},"end":{"line":130,"column":84}},"93":{"start":{"line":131,"column":6},"end":{"line":131,"column":26}},"94":{"start":{"line":134,"column":4},"end":{"line":134,"column":47}},"95":{"start":{"line":135,"column":4},"end":{"line":135,"column":22}},"96":{"start":{"line":135,"column":16},"end":{"line":135,"column":22}},"97":{"start":{"line":137,"column":4},"end":{"line":137,"column":78}},"98":{"start":{"line":139,"column":4},"end":{"line":141,"column":6}},"99":{"start":{"line":140,"column":6},"end":{"line":140,"column":24}},"100":{"start":{"line":143,"column":4},"end":{"line":143,"column":19}},"101":{"start":{"line":146,"column":2},"end":{"line":149,"column":3}},"102":{"start":{"line":147,"column":4},"end":{"line":147,"column":37}},"103":{"start":{"line":147,"column":13},"end":{"line":147,"column":37}},"104":{"start":{"line":148,"column":4},"end":{"line":148,"column":20}},"105":{"start":{"line":151,"column":2},"end":{"line":151,"column":15}},"106":{"start":{"line":153,"column":2},"end":{"line":153,"column":13}},"107":{"start":{"line":156,"column":0},"end":{"line":158,"column":1}},"108":{"start":{"line":157,"column":2},"end":{"line":157,"column":51}},"109":{"start":{"line":160,"column":0},"end":{"line":162,"column":1}},"110":{"start":{"line":161,"column":2},"end":{"line":161,"column":47}},"111":{"start":{"line":164,"column":0},"end":{"line":166,"column":1}},"112":{"start":{"line":165,"column":2},"end":{"line":165,"column":44}},"113":{"start":{"line":168,"column":0},"end":{"line":313,"column":1}},"114":{"start":{"line":169,"column":2},"end":{"line":169,"column":21}},"115":{"start":{"line":169,"column":12},"end":{"line":169,"column":21}},"116":{"start":{"line":170,"column":2},"end":{"line":170,"column":22}},"117":{"start":{"line":170,"column":13},"end":{"line":170,"column":22}},"118":{"start":{"line":172,"column":2},"end":{"line":172,"column":25}},"119":{"start":{"line":173,"column":2},"end":{"line":173,"column":49}},"120":{"start":{"line":174,"column":2},"end":{"line":174,"column":28}},"121":{"start":{"line":175,"column":2},"end":{"line":175,"column":40}},"122":{"start":{"line":176,"column":2},"end":{"line":176,"column":67}},"123":{"start":{"line":177,"column":2},"end":{"line":177,"column":45}},"124":{"start":{"line":178,"column":2},"end":{"line":178,"column":16}},"125":{"start":{"line":179,"column":2},"end":{"line":179,"column":22}},"126":{"start":{"line":180,"column":2},"end":{"line":180,"column":76}},"127":{"start":{"line":181,"column":2},"end":{"line":181,"column":61}},"128":{"start":{"line":182,"column":2},"end":{"line":182,"column":61}},"129":{"start":{"line":183,"column":2},"end":{"line":183,"column":36}},"130":{"start":{"line":185,"column":2},"end":{"line":185,"column":46}},"131":{"start":{"line":185,"column":18},"end":{"line":185,"column":46}},"132":{"start":{"line":187,"column":2},"end":{"line":190,"column":3}},"133":{"start":{"line":188,"column":4},"end":{"line":188,"column":29}},"134":{"start":{"line":189,"column":4},"end":{"line":189,"column":29}},"135":{"start":{"line":191,"column":2},"end":{"line":194,"column":3}},"136":{"start":{"line":192,"column":4},"end":{"line":192,"column":29}},"137":{"start":{"line":193,"column":4},"end":{"line":193,"column":29}},"138":{"start":{"line":196,"column":2},"end":{"line":201,"column":3}},"139":{"start":{"line":197,"column":4},"end":{"line":197,"column":11}},"140":{"start":{"line":198,"column":4},"end":{"line":198,"column":86}},"141":{"start":{"line":198,"column":75},"end":{"line":198,"column":86}},"142":{"start":{"line":199,"column":4},"end":{"line":199,"column":25}},"143":{"start":{"line":199,"column":14},"end":{"line":199,"column":25}},"144":{"start":{"line":200,"column":4},"end":{"line":200,"column":39}},"145":{"start":{"line":203,"column":2},"end":{"line":213,"column":3}},"146":{"start":{"line":204,"column":4},"end":{"line":204,"column":42}},"147":{"start":{"line":204,"column":31},"end":{"line":204,"column":42}},"148":{"start":{"line":206,"column":4},"end":{"line":206,"column":83}},"149":{"start":{"line":206,"column":37},"end":{"line":206,"column":83}},"150":{"start":{"line":207,"column":4},"end":{"line":207,"column":64}},"151":{"start":{"line":207,"column":35},"end":{"line":207,"column":64}},"152":{"start":{"line":209,"column":4},"end":{"line":212,"column":6}},"153":{"start":{"line":210,"column":6},"end":{"line":210,"column":29}},"154":{"start":{"line":210,"column":15},"end":{"line":210,"column":29}},"155":{"start":{"line":211,"column":6},"end":{"line":211,"column":28}},"156":{"start":{"line":215,"column":2},"end":{"line":229,"column":3}},"157":{"start":{"line":216,"column":4},"end":{"line":216,"column":40}},"158":{"start":{"line":217,"column":4},"end":{"line":217,"column":45}},"159":{"start":{"line":218,"column":4},"end":{"line":218,"column":45}},"160":{"start":{"line":220,"column":4},"end":{"line":220,"column":27}},"161":{"start":{"line":220,"column":16},"end":{"line":220,"column":27}},"162":{"start":{"line":222,"column":4},"end":{"line":222,"column":84}},"163":{"start":{"line":223,"column":4},"end":{"line":228,"column":6}},"164":{"start":{"line":224,"column":6},"end":{"line":224,"column":29}},"165":{"start":{"line":224,"column":15},"end":{"line":224,"column":29}},"166":{"start":{"line":225,"column":6},"end":{"line":225,"column":27}},"167":{"start":{"line":225,"column":16},"end":{"line":225,"column":27}},"168":{"start":{"line":226,"column":6},"end":{"line":226,"column":29}},"169":{"start":{"line":226,"column":18},"end":{"line":226,"column":29}},"170":{"start":{"line":227,"column":6},"end":{"line":227,"column":45}},"171":{"start":{"line":231,"column":2},"end":{"line":310,"column":4}},"172":{"start":{"line":232,"column":4},"end":{"line":232,"column":34}},"173":{"start":{"line":233,"column":4},"end":{"line":233,"column":40}},"174":{"start":{"line":234,"column":4},"end":{"line":234,"column":58}},"175":{"start":{"line":236,"column":4},"end":{"line":239,"column":5}},"176":{"start":{"line":237,"column":6},"end":{"line":237,"column":21}},"177":{"start":{"line":238,"column":6},"end":{"line":238,"column":19}},"178":{"start":{"line":241,"column":4},"end":{"line":248,"column":5}},"179":{"start":{"line":242,"column":6},"end":{"line":242,"column":31}},"180":{"start":{"line":242,"column":15},"end":{"line":242,"column":31}},"181":{"start":{"line":243,"column":6},"end":{"line":247,"column":8}},"182":{"start":{"line":244,"column":8},"end":{"line":244,"column":33}},"183":{"start":{"line":244,"column":17},"end":{"line":244,"column":33}},"184":{"start":{"line":245,"column":8},"end":{"line":245,"column":32}},"185":{"start":{"line":245,"column":19},"end":{"line":245,"column":32}},"186":{"start":{"line":246,"column":8},"end":{"line":246,"column":34}},"187":{"start":{"line":250,"column":4},"end":{"line":255,"column":5}},"188":{"start":{"line":251,"column":6},"end":{"line":251,"column":30}},"189":{"start":{"line":251,"column":17},"end":{"line":251,"column":30}},"190":{"start":{"line":252,"column":6},"end":{"line":254,"column":8}},"191":{"start":{"line":253,"column":8},"end":{"line":253,"column":48}},"192":{"start":{"line":257,"column":4},"end":{"line":271,"column":5}},"193":{"start":{"line":258,"column":6},"end":{"line":258,"column":30}},"194":{"start":{"line":258,"column":17},"end":{"line":258,"column":30}},"195":{"start":{"line":259,"column":6},"end":{"line":270,"column":8}},"196":{"start":{"line":260,"column":8},"end":{"line":260,"column":56}},"197":{"start":{"line":262,"column":8},"end":{"line":269,"column":10}},"198":{"start":{"line":263,"column":10},"end":{"line":266,"column":11}},"199":{"start":{"line":264,"column":12},"end":{"line":264,"column":50}},"200":{"start":{"line":265,"column":12},"end":{"line":265,"column":27}},"201":{"start":{"line":268,"column":10},"end":{"line":268,"column":19}},"202":{"start":{"line":273,"column":4},"end":{"line":285,"column":5}},"203":{"start":{"line":274,"column":6},"end":{"line":274,"column":42}},"204":{"start":{"line":275,"column":6},"end":{"line":275,"column":40}},"205":{"start":{"line":277,"column":6},"end":{"line":279,"column":8}},"206":{"start":{"line":278,"column":8},"end":{"line":278,"column":23}},"207":{"start":{"line":281,"column":6},"end":{"line":284,"column":8}},"208":{"start":{"line":282,"column":8},"end":{"line":282,"column":33}},"209":{"start":{"line":282,"column":17},"end":{"line":282,"column":33}},"210":{"start":{"line":283,"column":8},"end":{"line":283,"column":28}},"211":{"start":{"line":287,"column":4},"end":{"line":292,"column":5}},"212":{"start":{"line":288,"column":6},"end":{"line":288,"column":38}},"213":{"start":{"line":289,"column":6},"end":{"line":291,"column":14}},"214":{"start":{"line":294,"column":4},"end":{"line":309,"column":6}},"215":{"start":{"line":297,"column":6},"end":{"line":297,"column":31}},"216":{"start":{"line":297,"column":15},"end":{"line":297,"column":31}},"217":{"start":{"line":299,"column":6},"end":{"line":303,"column":7}},"218":{"start":{"line":300,"column":21},"end":{"line":300,"column":36}},"219":{"start":{"line":301,"column":21},"end":{"line":301,"column":36}},"220":{"start":{"line":302,"column":24},"end":{"line":302,"column":42}},"221":{"start":{"line":305,"column":6},"end":{"line":305,"column":99}},"222":{"start":{"line":305,"column":18},"end":{"line":305,"column":99}},"223":{"start":{"line":307,"column":6},"end":{"line":307,"column":21}},"224":{"start":{"line":308,"column":6},"end":{"line":308,"column":12}},"225":{"start":{"line":312,"column":2},"end":{"line":312,"column":16}},"226":{"start":{"line":315,"column":0},"end":{"line":323,"column":1}},"227":{"start":{"line":316,"column":2},"end":{"line":322,"column":4}},"228":{"start":{"line":317,"column":4},"end":{"line":321,"column":5}},"229":{"start":{"line":318,"column":6},"end":{"line":318,"column":42}},"230":{"start":{"line":320,"column":6},"end":{"line":320,"column":13}}},"branchMap":{"1":{"line":17,"type":"cond-expr","locations":[{"start":{"line":17,"column":25},"end":{"line":17,"column":29}},{"start":{"line":17,"column":32},"end":{"line":19,"column":1}}]},"2":{"line":22,"type":"binary-expr","locations":[{"start":{"line":22,"column":14},"end":{"line":22,"column":21}},{"start":{"line":22,"column":25},"end":{"line":22,"column":30}}]},"3":{"line":25,"type":"if","locations":[{"start":{"line":25,"column":4},"end":{"line":25,"column":4}},{"start":{"line":25,"column":4},"end":{"line":25,"column":4}}]},"4":{"line":30,"type":"if","locations":[{"start":{"line":30,"column":6},"end":{"line":30,"column":6}},{"start":{"line":30,"column":6},"end":{"line":30,"column":6}}]},"5":{"line":32,"type":"if","locations":[{"start":{"line":32,"column":6},"end":{"line":32,"column":6}},{"start":{"line":32,"column":6},"end":{"line":32,"column":6}}]},"6":{"line":35,"type":"if","locations":[{"start":{"line":35,"column":8},"end":{"line":35,"column":8}},{"start":{"line":35,"column":8},"end":{"line":35,"column":8}}]},"7":{"line":37,"type":"if","locations":[{"start":{"line":37,"column":8},"end":{"line":37,"column":8}},{"start":{"line":37,"column":8},"end":{"line":37,"column":8}}]},"8":{"line":39,"type":"if","locations":[{"start":{"line":39,"column":10},"end":{"line":39,"column":10}},{"start":{"line":39,"column":10},"end":{"line":39,"column":10}}]},"9":{"line":53,"type":"if","locations":[{"start":{"line":53,"column":4},"end":{"line":53,"column":4}},{"start":{"line":53,"column":4},"end":{"line":53,"column":4}}]},"10":{"line":53,"type":"binary-expr","locations":[{"start":{"line":53,"column":8},"end":{"line":53,"column":16}},{"start":{"line":53,"column":21},"end":{"line":53,"column":43}},{"start":{"line":53,"column":47},"end":{"line":53,"column":72}}]},"11":{"line":62,"type":"if","locations":[{"start":{"line":62,"column":2},"end":{"line":62,"column":2}},{"start":{"line":62,"column":2},"end":{"line":62,"column":2}}]},"12":{"line":63,"type":"if","locations":[{"start":{"line":63,"column":2},"end":{"line":63,"column":2}},{"start":{"line":63,"column":2},"end":{"line":63,"column":2}}]},"13":{"line":65,"type":"binary-expr","locations":[{"start":{"line":65,"column":12},"end":{"line":65,"column":19}},{"start":{"line":65,"column":23},"end":{"line":65,"column":25}}]},"14":{"line":66,"type":"binary-expr","locations":[{"start":{"line":66,"column":15},"end":{"line":66,"column":26}},{"start":{"line":66,"column":30},"end":{"line":66,"column":41}},{"start":{"line":66,"column":45},"end":{"line":66,"column":49}}]},"15":{"line":67,"type":"binary-expr","locations":[{"start":{"line":67,"column":12},"end":{"line":67,"column":20}},{"start":{"line":67,"column":24},"end":{"line":67,"column":28}}]},"16":{"line":68,"type":"binary-expr","locations":[{"start":{"line":68,"column":18},"end":{"line":68,"column":32}},{"start":{"line":68,"column":36},"end":{"line":68,"column":40}}]},"17":{"line":69,"type":"cond-expr","locations":[{"start":{"line":69,"column":49},"end":{"line":69,"column":57}},{"start":{"line":69,"column":60},"end":{"line":69,"column":69}}]},"18":{"line":71,"type":"cond-expr","locations":[{"start":{"line":71,"column":47},"end":{"line":71,"column":58}},{"start":{"line":71,"column":61},"end":{"line":71,"column":76}}]},"19":{"line":72,"type":"cond-expr","locations":[{"start":{"line":72,"column":47},"end":{"line":72,"column":57}},{"start":{"line":72,"column":60},"end":{"line":72,"column":61}}]},"20":{"line":73,"type":"cond-expr","locations":[{"start":{"line":73,"column":47},"end":{"line":73,"column":57}},{"start":{"line":73,"column":60},"end":{"line":73,"column":61}}]},"21":{"line":74,"type":"binary-expr","locations":[{"start":{"line":74,"column":13},"end":{"line":74,"column":22}},{"start":{"line":74,"column":26},"end":{"line":74,"column":36}}]},"22":{"line":76,"type":"if","locations":[{"start":{"line":76,"column":2},"end":{"line":76,"column":2}},{"start":{"line":76,"column":2},"end":{"line":76,"column":2}}]},"23":{"line":78,"type":"if","locations":[{"start":{"line":78,"column":2},"end":{"line":78,"column":2}},{"start":{"line":78,"column":2},"end":{"line":78,"column":2}}]},"24":{"line":82,"type":"if","locations":[{"start":{"line":82,"column":2},"end":{"line":82,"column":2}},{"start":{"line":82,"column":2},"end":{"line":82,"column":2}}]},"25":{"line":89,"type":"if","locations":[{"start":{"line":89,"column":6},"end":{"line":89,"column":6}},{"start":{"line":89,"column":6},"end":{"line":89,"column":6}}]},"26":{"line":96,"type":"if","locations":[{"start":{"line":96,"column":4},"end":{"line":96,"column":4}},{"start":{"line":96,"column":4},"end":{"line":96,"column":4}}]},"27":{"line":97,"type":"if","locations":[{"start":{"line":97,"column":4},"end":{"line":97,"column":4}},{"start":{"line":97,"column":4},"end":{"line":97,"column":4}}]},"28":{"line":99,"type":"if","locations":[{"start":{"line":99,"column":4},"end":{"line":99,"column":4}},{"start":{"line":99,"column":4},"end":{"line":99,"column":4}}]},"29":{"line":103,"type":"cond-expr","locations":[{"start":{"line":103,"column":47},"end":{"line":103,"column":52}},{"start":{"line":103,"column":55},"end":{"line":103,"column":60}}]},"30":{"line":111,"type":"if","locations":[{"start":{"line":111,"column":4},"end":{"line":111,"column":4}},{"start":{"line":111,"column":4},"end":{"line":111,"column":4}}]},"31":{"line":114,"type":"binary-expr","locations":[{"start":{"line":114,"column":15},"end":{"line":114,"column":26}},{"start":{"line":114,"column":30},"end":{"line":114,"column":36}}]},"32":{"line":118,"type":"if","locations":[{"start":{"line":118,"column":4},"end":{"line":118,"column":4}},{"start":{"line":118,"column":4},"end":{"line":118,"column":4}}]},"33":{"line":121,"type":"binary-expr","locations":[{"start":{"line":121,"column":15},"end":{"line":121,"column":26}},{"start":{"line":121,"column":30},"end":{"line":121,"column":36}}]},"34":{"line":127,"type":"binary-expr","locations":[{"start":{"line":127,"column":13},"end":{"line":127,"column":24}},{"start":{"line":127,"column":28},"end":{"line":127,"column":34}}]},"35":{"line":129,"type":"if","locations":[{"start":{"line":129,"column":4},"end":{"line":129,"column":4}},{"start":{"line":129,"column":4},"end":{"line":129,"column":4}}]},"36":{"line":130,"type":"if","locations":[{"start":{"line":130,"column":6},"end":{"line":130,"column":6}},{"start":{"line":130,"column":6},"end":{"line":130,"column":6}}]},"37":{"line":135,"type":"if","locations":[{"start":{"line":135,"column":4},"end":{"line":135,"column":4}},{"start":{"line":135,"column":4},"end":{"line":135,"column":4}}]},"38":{"line":147,"type":"if","locations":[{"start":{"line":147,"column":4},"end":{"line":147,"column":4}},{"start":{"line":147,"column":4},"end":{"line":147,"column":4}}]},"39":{"line":157,"type":"cond-expr","locations":[{"start":{"line":157,"column":23},"end":{"line":157,"column":44}},{"start":{"line":157,"column":47},"end":{"line":157,"column":51}}]},"40":{"line":161,"type":"cond-expr","locations":[{"start":{"line":161,"column":26},"end":{"line":161,"column":42}},{"start":{"line":161,"column":45},"end":{"line":161,"column":47}}]},"41":{"line":165,"type":"cond-expr","locations":[{"start":{"line":165,"column":25},"end":{"line":165,"column":40}},{"start":{"line":165,"column":43},"end":{"line":165,"column":44}}]},"42":{"line":169,"type":"if","locations":[{"start":{"line":169,"column":2},"end":{"line":169,"column":2}},{"start":{"line":169,"column":2},"end":{"line":169,"column":2}}]},"43":{"line":170,"type":"if","locations":[{"start":{"line":170,"column":2},"end":{"line":170,"column":2}},{"start":{"line":170,"column":2},"end":{"line":170,"column":2}}]},"44":{"line":172,"type":"binary-expr","locations":[{"start":{"line":172,"column":12},"end":{"line":172,"column":19}},{"start":{"line":172,"column":23},"end":{"line":172,"column":25}}]},"45":{"line":173,"type":"binary-expr","locations":[{"start":{"line":173,"column":15},"end":{"line":173,"column":26}},{"start":{"line":173,"column":30},"end":{"line":173,"column":41}},{"start":{"line":173,"column":45},"end":{"line":173,"column":49}}]},"46":{"line":174,"type":"binary-expr","locations":[{"start":{"line":174,"column":12},"end":{"line":174,"column":20}},{"start":{"line":174,"column":24},"end":{"line":174,"column":28}}]},"47":{"line":175,"type":"binary-expr","locations":[{"start":{"line":175,"column":18},"end":{"line":175,"column":32}},{"start":{"line":175,"column":36},"end":{"line":175,"column":40}}]},"48":{"line":176,"type":"binary-expr","locations":[{"start":{"line":176,"column":12},"end":{"line":176,"column":32}},{"start":{"line":176,"column":36},"end":{"line":176,"column":42}},{"start":{"line":176,"column":46},"end":{"line":176,"column":67}}]},"49":{"line":177,"type":"binary-expr","locations":[{"start":{"line":177,"column":16},"end":{"line":177,"column":28}},{"start":{"line":177,"column":32},"end":{"line":177,"column":45}}]},"50":{"line":180,"type":"cond-expr","locations":[{"start":{"line":180,"column":47},"end":{"line":180,"column":58}},{"start":{"line":180,"column":61},"end":{"line":180,"column":76}}]},"51":{"line":181,"type":"cond-expr","locations":[{"start":{"line":181,"column":47},"end":{"line":181,"column":57}},{"start":{"line":181,"column":60},"end":{"line":181,"column":61}}]},"52":{"line":182,"type":"cond-expr","locations":[{"start":{"line":182,"column":47},"end":{"line":182,"column":57}},{"start":{"line":182,"column":60},"end":{"line":182,"column":61}}]},"53":{"line":185,"type":"if","locations":[{"start":{"line":185,"column":2},"end":{"line":185,"column":2}},{"start":{"line":185,"column":2},"end":{"line":185,"column":2}}]},"54":{"line":187,"type":"if","locations":[{"start":{"line":187,"column":2},"end":{"line":187,"column":2}},{"start":{"line":187,"column":2},"end":{"line":187,"column":2}}]},"55":{"line":191,"type":"if","locations":[{"start":{"line":191,"column":2},"end":{"line":191,"column":2}},{"start":{"line":191,"column":2},"end":{"line":191,"column":2}}]},"56":{"line":198,"type":"binary-expr","locations":[{"start":{"line":198,"column":12},"end":{"line":198,"column":29}},{"start":{"line":198,"column":34},"end":{"line":198,"column":73}}]},"57":{"line":199,"type":"if","locations":[{"start":{"line":199,"column":4},"end":{"line":199,"column":4}},{"start":{"line":199,"column":4},"end":{"line":199,"column":4}}]},"58":{"line":204,"type":"if","locations":[{"start":{"line":204,"column":4},"end":{"line":204,"column":4}},{"start":{"line":204,"column":4},"end":{"line":204,"column":4}}]},"59":{"line":206,"type":"if","locations":[{"start":{"line":206,"column":4},"end":{"line":206,"column":4}},{"start":{"line":206,"column":4},"end":{"line":206,"column":4}}]},"60":{"line":207,"type":"if","locations":[{"start":{"line":207,"column":4},"end":{"line":207,"column":4}},{"start":{"line":207,"column":4},"end":{"line":207,"column":4}}]},"61":{"line":210,"type":"if","locations":[{"start":{"line":210,"column":6},"end":{"line":210,"column":6}},{"start":{"line":210,"column":6},"end":{"line":210,"column":6}}]},"62":{"line":217,"type":"cond-expr","locations":[{"start":{"line":217,"column":23},"end":{"line":217,"column":33}},{"start":{"line":217,"column":36},"end":{"line":217,"column":45}}]},"63":{"line":218,"type":"cond-expr","locations":[{"start":{"line":218,"column":23},"end":{"line":218,"column":33}},{"start":{"line":218,"column":36},"end":{"line":218,"column":45}}]},"64":{"line":220,"type":"if","locations":[{"start":{"line":220,"column":4},"end":{"line":220,"column":4}},{"start":{"line":220,"column":4},"end":{"line":220,"column":4}}]},"65":{"line":222,"type":"cond-expr","locations":[{"start":{"line":222,"column":61},"end":{"line":222,"column":66}},{"start":{"line":222,"column":69},"end":{"line":222,"column":74}}]},"66":{"line":224,"type":"if","locations":[{"start":{"line":224,"column":6},"end":{"line":224,"column":6}},{"start":{"line":224,"column":6},"end":{"line":224,"column":6}}]},"67":{"line":225,"type":"if","locations":[{"start":{"line":225,"column":6},"end":{"line":225,"column":6}},{"start":{"line":225,"column":6},"end":{"line":225,"column":6}}]},"68":{"line":226,"type":"if","locations":[{"start":{"line":226,"column":6},"end":{"line":226,"column":6}},{"start":{"line":226,"column":6},"end":{"line":226,"column":6}}]},"69":{"line":232,"type":"binary-expr","locations":[{"start":{"line":232,"column":13},"end":{"line":232,"column":24}},{"start":{"line":232,"column":28},"end":{"line":232,"column":34}}]},"70":{"line":236,"type":"if","locations":[{"start":{"line":236,"column":4},"end":{"line":236,"column":4}},{"start":{"line":236,"column":4},"end":{"line":236,"column":4}}]},"71":{"line":242,"type":"if","locations":[{"start":{"line":242,"column":6},"end":{"line":242,"column":6}},{"start":{"line":242,"column":6},"end":{"line":242,"column":6}}]},"72":{"line":244,"type":"if","locations":[{"start":{"line":244,"column":8},"end":{"line":244,"column":8}},{"start":{"line":244,"column":8},"end":{"line":244,"column":8}}]},"73":{"line":245,"type":"if","locations":[{"start":{"line":245,"column":8},"end":{"line":245,"column":8}},{"start":{"line":245,"column":8},"end":{"line":245,"column":8}}]},"74":{"line":251,"type":"if","locations":[{"start":{"line":251,"column":6},"end":{"line":251,"column":6}},{"start":{"line":251,"column":6},"end":{"line":251,"column":6}}]},"75":{"line":258,"type":"if","locations":[{"start":{"line":258,"column":6},"end":{"line":258,"column":6}},{"start":{"line":258,"column":6},"end":{"line":258,"column":6}}]},"76":{"line":263,"type":"if","locations":[{"start":{"line":263,"column":10},"end":{"line":263,"column":10}},{"start":{"line":263,"column":10},"end":{"line":263,"column":10}}]},"77":{"line":263,"type":"binary-expr","locations":[{"start":{"line":263,"column":14},"end":{"line":263,"column":17}},{"start":{"line":263,"column":21},"end":{"line":263,"column":41}},{"start":{"line":263,"column":45},"end":{"line":263,"column":73}}]},"78":{"line":282,"type":"if","locations":[{"start":{"line":282,"column":8},"end":{"line":282,"column":8}},{"start":{"line":282,"column":8},"end":{"line":282,"column":8}}]},"79":{"line":287,"type":"if","locations":[{"start":{"line":287,"column":4},"end":{"line":287,"column":4}},{"start":{"line":287,"column":4},"end":{"line":287,"column":4}}]},"80":{"line":297,"type":"if","locations":[{"start":{"line":297,"column":6},"end":{"line":297,"column":6}},{"start":{"line":297,"column":6},"end":{"line":297,"column":6}}]},"81":{"line":299,"type":"switch","locations":[{"start":{"line":300,"column":8},"end":{"line":300,"column":36}},{"start":{"line":301,"column":8},"end":{"line":301,"column":36}},{"start":{"line":302,"column":8},"end":{"line":302,"column":42}}]},"82":{"line":305,"type":"if","locations":[{"start":{"line":305,"column":6},"end":{"line":305,"column":6}},{"start":{"line":305,"column":6},"end":{"line":305,"column":6}}]},"83":{"line":317,"type":"if","locations":[{"start":{"line":317,"column":4},"end":{"line":317,"column":4}},{"start":{"line":317,"column":4},"end":{"line":317,"column":4}}]},"84":{"line":317,"type":"binary-expr","locations":[{"start":{"line":317,"column":8},"end":{"line":317,"column":12}},{"start":{"line":317,"column":16},"end":{"line":317,"column":20}},{"start":{"line":317,"column":24},"end":{"line":317,"column":32}}]}},"code":["var chownr = require('chownr')","var tar = require('tar-stream')","var pump = require('pump')","var mkdirp = require('mkdirp')","var fs = require('fs')","var path = require('path')","var os = require('os')","","var win32 = os.platform() === 'win32'","","var noop = function () {}","","var echo = function (name) {","  return name","}","","var normalize = !win32 ? echo : function (name) {","  return name.replace(/\\\\/g, '/').replace(/:/g, '_')","}","","var statAll = function (fs, stat, cwd, ignore, entries, sort) {","  var queue = entries || ['.']","","  return function loop (callback) {","    if (!queue.length) return callback()","    var next = queue.shift()","    var nextAbs = path.join(cwd, next)","","    stat(nextAbs, function (err, stat) {","      if (err) return callback(err)","","      if (!stat.isDirectory()) return callback(null, next, stat)","","      fs.readdir(nextAbs, function (err, files) {","        if (err) return callback(err)","","        if (sort) files.sort()","        for (var i = 0; i < files.length; i++) {","          if (!ignore(path.join(cwd, next, files[i]))) queue.push(path.join(next, files[i]))","        }","","        callback(null, next, stat)","      })","    })","  }","}","","var strip = function (map, level) {","  return function (header) {","    header.name = header.name.split('/').slice(level).join('/')","","    var linkname = header.linkname","    if (linkname && (header.type === 'link' || path.isAbsolute(linkname))) {","      header.linkname = linkname.split('/').slice(level).join('/')","    }","","    return map(header)","  }","}","","exports.pack = function (cwd, opts) {","  if (!cwd) cwd = '.'","  if (!opts) opts = {}","","  var xfs = opts.fs || fs","  var ignore = opts.ignore || opts.filter || noop","  var map = opts.map || noop","  var mapStream = opts.mapStream || echo","  var statNext = statAll(xfs, opts.dereference ? xfs.stat : xfs.lstat, cwd, ignore, opts.entries, opts.sort)","  var strict = opts.strict !== false","  var umask = typeof opts.umask === 'number' ? ~opts.umask : ~processUmask()","  var dmode = typeof opts.dmode === 'number' ? opts.dmode : 0","  var fmode = typeof opts.fmode === 'number' ? opts.fmode : 0","  var pack = opts.pack || tar.pack()","","  if (opts.strip) map = strip(map, opts.strip)","","  if (opts.readable) {","    dmode |= parseInt(555, 8)","    fmode |= parseInt(444, 8)","  }","  if (opts.writable) {","    dmode |= parseInt(333, 8)","    fmode |= parseInt(222, 8)","  }","","  var onsymlink = function (filename, header) {","    xfs.readlink(path.join(cwd, filename), function (err, linkname) {","      if (err) return pack.destroy(err)","      header.linkname = normalize(linkname)","      pack.entry(header, onnextentry)","    })","  }","","  var onstat = function (err, filename, stat) {","    if (err) return pack.destroy(err)","    if (!filename) return pack.finalize()","","    if (stat.isSocket()) return onnextentry() // tar does not support sockets...","","    var header = {","      name: normalize(filename),","      mode: (stat.mode | (stat.isDirectory() ? dmode : fmode)) & umask,","      mtime: stat.mtime,","      size: stat.size,","      type: 'file',","      uid: stat.uid,","      gid: stat.gid","    }","","    if (stat.isDirectory()) {","      header.size = 0","      header.type = 'directory'","      header = map(header) || header","      return pack.entry(header, onnextentry)","    }","","    if (stat.isSymbolicLink()) {","      header.size = 0","      header.type = 'symlink'","      header = map(header) || header","      return onsymlink(filename, header)","    }","","    // TODO: add fifo etc...","","    header = map(header) || header","","    if (!stat.isFile()) {","      if (strict) return pack.destroy(new Error('unsupported type for ' + filename))","      return onnextentry()","    }","","    var entry = pack.entry(header, onnextentry)","    if (!entry) return","","    var rs = mapStream(xfs.createReadStream(path.join(cwd, filename)), header)","","    rs.on('error', function (err) { // always forward errors on destroy","      entry.destroy(err)","    })","","    pump(rs, entry)","  }","","  var onnextentry = function (err) {","    if (err) return pack.destroy(err)","    statNext(onstat)","  }","","  onnextentry()","","  return pack","}","","var head = function (list) {","  return list.length ? list[list.length - 1] : null","}","","var processGetuid = function () {","  return process.getuid ? process.getuid() : -1","}","","var processUmask = function () {","  return process.umask ? process.umask() : 0","}","","exports.extract = function (cwd, opts) {","  if (!cwd) cwd = '.'","  if (!opts) opts = {}","","  var xfs = opts.fs || fs","  var ignore = opts.ignore || opts.filter || noop","  var map = opts.map || noop","  var mapStream = opts.mapStream || echo","  var own = opts.chown !== false && !win32 && processGetuid() === 0","  var extract = opts.extract || tar.extract()","  var stack = []","  var now = new Date()","  var umask = typeof opts.umask === 'number' ? ~opts.umask : ~processUmask()","  var dmode = typeof opts.dmode === 'number' ? opts.dmode : 0","  var fmode = typeof opts.fmode === 'number' ? opts.fmode : 0","  var strict = opts.strict !== false","","  if (opts.strip) map = strip(map, opts.strip)","","  if (opts.readable) {","    dmode |= parseInt(555, 8)","    fmode |= parseInt(444, 8)","  }","  if (opts.writable) {","    dmode |= parseInt(333, 8)","    fmode |= parseInt(222, 8)","  }","","  var utimesParent = function (name, cb) { // we just set the mtime on the parent dir again everytime we write an entry","    var top","    while ((top = head(stack)) && name.slice(0, top[0].length) !== top[0]) stack.pop()","    if (!top) return cb()","    xfs.utimes(top[0], now, top[1], cb)","  }","","  var utimes = function (name, header, cb) {","    if (opts.utimes === false) return cb()","","    if (header.type === 'directory') return xfs.utimes(name, now, header.mtime, cb)","    if (header.type === 'symlink') return utimesParent(name, cb) // TODO: how to set mtime on link?","","    xfs.utimes(name, now, header.mtime, function (err) {","      if (err) return cb(err)","      utimesParent(name, cb)","    })","  }","","  var chperm = function (name, header, cb) {","    var link = header.type === 'symlink'","    var chmod = link ? xfs.lchmod : xfs.chmod","    var chown = link ? xfs.lchown : xfs.chown","","    if (!chmod) return cb()","","    var mode = (header.mode | (header.type === 'directory' ? dmode : fmode)) & umask","    chmod(name, mode, function (err) {","      if (err) return cb(err)","      if (!own) return cb()","      if (!chown) return cb()","      chown(name, header.uid, header.gid, cb)","    })","  }","","  extract.on('entry', function (header, stream, next) {","    header = map(header) || header","    header.name = normalize(header.name)","    var name = path.join(cwd, path.join('/', header.name))","","    if (ignore(name, header)) {","      stream.resume()","      return next()","    }","","    var stat = function (err) {","      if (err) return next(err)","      utimes(name, header, function (err) {","        if (err) return next(err)","        if (win32) return next()","        chperm(name, header, next)","      })","    }","","    var onsymlink = function () {","      if (win32) return next() // skip symlinks on win for now before it can be tested","      xfs.unlink(name, function () {","        xfs.symlink(header.linkname, name, stat)","      })","    }","","    var onlink = function () {","      if (win32) return next() // skip links on win for now before it can be tested","      xfs.unlink(name, function () {","        var srcpath = path.resolve(cwd, header.linkname)","","        xfs.link(srcpath, name, function (err) {","          if (err && err.code === 'EPERM' && opts.hardlinkAsFilesFallback) {","            stream = xfs.createReadStream(srcpath)","            return onfile()","          }","","          stat(err)","        })","      })","    }","","    var onfile = function () {","      var ws = xfs.createWriteStream(name)","      var rs = mapStream(stream, header)","","      ws.on('error', function (err) { // always forward errors on destroy","        rs.destroy(err)","      })","","      pump(rs, ws, function (err) {","        if (err) return next(err)","        ws.on('close', stat)","      })","    }","","    if (header.type === 'directory') {","      stack.push([name, header.mtime])","      return mkdirfix(name, {","        fs: xfs, own: own, uid: header.uid, gid: header.gid","      }, stat)","    }","","    mkdirfix(path.dirname(name), {","      fs: xfs, own: own, uid: header.uid, gid: header.gid","    }, function (err) {","      if (err) return next(err)","","      switch (header.type) {","        case 'file': return onfile()","        case 'link': return onlink()","        case 'symlink': return onsymlink()","      }","","      if (strict) return next(new Error('unsupported type for ' + name + ' (' + header.type + ')'))","","      stream.resume()","      next()","    })","  })","","  return extract","}","","function mkdirfix (name, opts, cb) {","  mkdirp(name, {fs: opts.xfs}, function (err, made) {","    if (!err && made && opts.own) {","      chownr(made, opts.uid, opts.gid, cb)","    } else {","      cb(err)","    }","  })","}",""],"l":{"1":1,"2":1,"3":1,"4":1,"5":1,"6":1,"7":1,"9":1,"11":1,"13":1,"14":0,"17":1,"18":0,"21":1,"22":0,"24":0,"25":0,"26":0,"27":0,"29":0,"30":0,"32":0,"34":0,"35":0,"37":0,"38":0,"39":0,"42":0,"48":1,"49":0,"50":0,"52":0,"53":0,"54":0,"57":0,"61":1,"62":0,"63":0,"65":0,"66":0,"67":0,"68":0,"69":0,"70":0,"71":0,"72":0,"73":0,"74":0,"76":0,"78":0,"79":0,"80":0,"82":0,"83":0,"84":0,"87":0,"88":0,"89":0,"90":0,"91":0,"95":0,"96":0,"97":0,"99":0,"101":0,"111":0,"112":0,"113":0,"114":0,"115":0,"118":0,"119":0,"120":0,"121":0,"122":0,"127":0,"129":0,"130":0,"131":0,"134":0,"135":0,"137":0,"139":0,"140":0,"143":0,"146":0,"147":0,"148":0,"151":0,"153":0,"156":1,"157":0,"160":1,"161":0,"164":1,"165":0,"168":1,"169":0,"170":0,"172":0,"173":0,"174":0,"175":0,"176":0,"177":0,"178":0,"179":0,"180":0,"181":0,"182":0,"183":0,"185":0,"187":0,"188":0,"189":0,"191":0,"192":0,"193":0,"196":0,"197":0,"198":0,"199":0,"200":0,"203":0,"204":0,"206":0,"207":0,"209":0,"210":0,"211":0,"215":0,"216":0,"217":0,"218":0,"220":0,"222":0,"223":0,"224":0,"225":0,"226":0,"227":0,"231":0,"232":0,"233":0,"234":0,"236":0,"237":0,"238":0,"241":0,"242":0,"243":0,"244":0,"245":0,"246":0,"250":0,"251":0,"252":0,"253":0,"257":0,"258":0,"259":0,"260":0,"262":0,"263":0,"264":0,"265":0,"268":0,"273":0,"274":0,"275":0,"277":0,"278":0,"281":0,"282":0,"283":0,"287":0,"288":0,"289":0,"294":0,"297":0,"299":0,"300":0,"301":0,"302":0,"305":0,"307":0,"308":0,"312":0,"315":1,"316":0,"317":0,"318":0,"320":0}}}